Build output check failed:
    Regex: 'unrecognized .*option'
    Output line: 'cc1plus: note: unrecognized command-line option ‘-Wno-unnamed-type-template-args’ may have been intended to silence earlier diagnostics'
Compilation failed:
    source file: '/home/iam/sub_proj/openCV_face/opencv/opencv-4.1.2/build/CMakeFiles/CMakeTmp/src.cxx'
    check option: ' -fsigned-char -W -Wall -Werror=return-type -Werror=non-virtual-dtor -Werror=address -Werror=sequence-point -Wformat -Werror=format-security -Wmissing-declarations -Wmissing-prototypes -Wstrict-prototypes -Wundef -Winit-self -Wpointer-arith -Wshadow -Wsign-promo -Wuninitialized -Winit-self -Wsuggest-override -Wno-delete-non-virtual-dtor  -Wno-unnamed-type-template-args'
===== BUILD LOG =====
Change Dir: /home/iam/sub_proj/openCV_face/opencv/opencv-4.1.2/build/CMakeFiles/CMakeTmp

Run Build Command(s):/usr/bin/gmake cmTC_18ef1/fast && /usr/bin/gmake  -f CMakeFiles/cmTC_18ef1.dir/build.make CMakeFiles/cmTC_18ef1.dir/build
gmake[1]: Entering directory '/home/iam/sub_proj/openCV_face/opencv/opencv-4.1.2/build/CMakeFiles/CMakeTmp'
Building CXX object CMakeFiles/cmTC_18ef1.dir/src.cxx.o
/usr/bin/c++   -O3 -DNDEBUG -fPIE    -fsigned-char -W -Wall -Werror=return-type -Werror=non-virtual-dtor -Werror=address -Werror=sequence-point -Wformat -Werror=format-security -Wmissing-declarations -Wmissing-prototypes -Wstrict-prototypes -Wundef -Winit-self -Wpointer-arith -Wshadow -Wsign-promo -Wuninitialized -Winit-self -Wsuggest-override -Wno-delete-non-virtual-dtor  -Wno-unnamed-type-template-args -std=c++11 -o CMakeFiles/cmTC_18ef1.dir/src.cxx.o -c /home/iam/sub_proj/openCV_face/opencv/opencv-4.1.2/build/CMakeFiles/CMakeTmp/src.cxx
cc1plus: warning: command-line option ‘-Wmissing-prototypes’ is valid for C/ObjC but not for C++
cc1plus: warning: command-line option ‘-Wstrict-prototypes’ is valid for C/ObjC but not for C++
/home/iam/sub_proj/openCV_face/opencv/opencv-4.1.2/build/CMakeFiles/CMakeTmp/src.cxx:1: warning: ignoring ‘#pragma  ’ [-Wunknown-pragmas]
    1 | #pragma
      | 
cc1plus: note: unrecognized command-line option ‘-Wno-unnamed-type-template-args’ may have been intended to silence earlier diagnostics
Linking CXX executable cmTC_18ef1
/usr/bin/cmake -E cmake_link_script CMakeFiles/cmTC_18ef1.dir/link.txt --verbose=1
/usr/bin/c++ -O3 -DNDEBUG CMakeFiles/cmTC_18ef1.dir/src.cxx.o -o cmTC_18ef1 
gmake[1]: Leaving directory '/home/iam/sub_proj/openCV_face/opencv/opencv-4.1.2/build/CMakeFiles/CMakeTmp'


===== END =====

Build output check failed:
    Regex: 'unrecognized .*option'
    Output line: 'cc1: note: unrecognized command-line option ‘-Wno-unnamed-type-template-args’ may have been intended to silence earlier diagnostics'
Compilation failed:
    source file: '/home/iam/sub_proj/openCV_face/opencv/opencv-4.1.2/build/CMakeFiles/CMakeTmp/src.c'
    check option: ' -fsigned-char -W -Wall -Werror=return-type -Werror=non-virtual-dtor -Werror=address -Werror=sequence-point -Wformat -Werror=format-security -Wmissing-declarations -Wmissing-prototypes -Wstrict-prototypes -Wundef -Winit-self -Wpointer-arith -Wshadow -Wsign-promo -Wuninitialized -Winit-self -Wsuggest-override -Wno-delete-non-virtual-dtor  -Wno-unnamed-type-template-args'
===== BUILD LOG =====
Change Dir: /home/iam/sub_proj/openCV_face/opencv/opencv-4.1.2/build/CMakeFiles/CMakeTmp

Run Build Command(s):/usr/bin/gmake cmTC_68046/fast && /usr/bin/gmake  -f CMakeFiles/cmTC_68046.dir/build.make CMakeFiles/cmTC_68046.dir/build
gmake[1]: Entering directory '/home/iam/sub_proj/openCV_face/opencv/opencv-4.1.2/build/CMakeFiles/CMakeTmp'
Building C object CMakeFiles/cmTC_68046.dir/src.c.o
/usr/bin/cc   -O3 -DNDEBUG -fPIE    -fsigned-char -W -Wall -Werror=return-type -Werror=non-virtual-dtor -Werror=address -Werror=sequence-point -Wformat -Werror=format-security -Wmissing-declarations -Wmissing-prototypes -Wstrict-prototypes -Wundef -Winit-self -Wpointer-arith -Wshadow -Wsign-promo -Wuninitialized -Winit-self -Wsuggest-override -Wno-delete-non-virtual-dtor  -Wno-unnamed-type-template-args -o CMakeFiles/cmTC_68046.dir/src.c.o -c /home/iam/sub_proj/openCV_face/opencv/opencv-4.1.2/build/CMakeFiles/CMakeTmp/src.c
cc1: warning: ‘-Werror=’ argument ‘-Werror=non-virtual-dtor’ is not valid for C
cc1: warning: command-line option ‘-Wsign-promo’ is valid for C++/ObjC++ but not for C
cc1: warning: command-line option ‘-Wsuggest-override’ is valid for C++/ObjC++ but not for C
cc1: warning: command-line option ‘-Wno-delete-non-virtual-dtor’ is valid for C++/ObjC++ but not for C
/home/iam/sub_proj/openCV_face/opencv/opencv-4.1.2/build/CMakeFiles/CMakeTmp/src.c:1: warning: ignoring ‘#pragma  ’ [-Wunknown-pragmas]
    1 | #pragma
      | 
cc1: note: unrecognized command-line option ‘-Wno-unnamed-type-template-args’ may have been intended to silence earlier diagnostics
Linking C executable cmTC_68046
/usr/bin/cmake -E cmake_link_script CMakeFiles/cmTC_68046.dir/link.txt --verbose=1
/usr/bin/cc -O3 -DNDEBUG CMakeFiles/cmTC_68046.dir/src.c.o -o cmTC_68046 
gmake[1]: Leaving directory '/home/iam/sub_proj/openCV_face/opencv/opencv-4.1.2/build/CMakeFiles/CMakeTmp'


===== END =====

Determining if the function sgemm_ exists failed with the following output:
Change Dir: /home/iam/sub_proj/openCV_face/opencv/opencv-4.1.2/build/CMakeFiles/CMakeTmp

Run Build Command(s):/usr/bin/gmake cmTC_b76bb/fast && /usr/bin/gmake  -f CMakeFiles/cmTC_b76bb.dir/build.make CMakeFiles/cmTC_b76bb.dir/build
gmake[1]: Entering directory '/home/iam/sub_proj/openCV_face/opencv/opencv-4.1.2/build/CMakeFiles/CMakeTmp'
Building C object CMakeFiles/cmTC_b76bb.dir/CheckFunctionExists.c.o
/usr/bin/cc   -fsigned-char -W -Wall -Werror=return-type -Werror=non-virtual-dtor -Werror=address -Werror=sequence-point -Wformat -Werror=format-security -Wmissing-declarations -Wmissing-prototypes -Wstrict-prototypes -Wundef -Winit-self -Wpointer-arith -Wshadow -Wsign-promo -Wuninitialized -Winit-self -Wsuggest-override -Wno-delete-non-virtual-dtor -Wno-comment -Wimplicit-fallthrough=3 -Wno-strict-overflow -fdiagnostics-show-option -pthread -fomit-frame-pointer -ffunction-sections -fdata-sections    -fvisibility=hidden -fvisibility-inlines-hidden -DCHECK_FUNCTION_EXISTS=sgemm_ -O3 -DNDEBUG -fPIE -o CMakeFiles/cmTC_b76bb.dir/CheckFunctionExists.c.o -c /usr/share/cmake-3.18/Modules/CheckFunctionExists.c
cc1: warning: ‘-Werror=’ argument ‘-Werror=non-virtual-dtor’ is not valid for C
cc1: warning: command-line option ‘-Wsign-promo’ is valid for C++/ObjC++ but not for C
cc1: warning: command-line option ‘-Wsuggest-override’ is valid for C++/ObjC++ but not for C
cc1: warning: command-line option ‘-Wno-delete-non-virtual-dtor’ is valid for C++/ObjC++ but not for C
cc1: warning: command-line option ‘-fvisibility-inlines-hidden’ is valid for C++/ObjC++ but not for C
Linking C executable cmTC_b76bb
/usr/bin/cmake -E cmake_link_script CMakeFiles/cmTC_b76bb.dir/link.txt --verbose=1
/usr/bin/cc    -fsigned-char -W -Wall -Werror=return-type -Werror=non-virtual-dtor -Werror=address -Werror=sequence-point -Wformat -Werror=format-security -Wmissing-declarations -Wmissing-prototypes -Wstrict-prototypes -Wundef -Winit-self -Wpointer-arith -Wshadow -Wsign-promo -Wuninitialized -Winit-self -Wsuggest-override -Wno-delete-non-virtual-dtor -Wno-comment -Wimplicit-fallthrough=3 -Wno-strict-overflow -fdiagnostics-show-option -pthread -fomit-frame-pointer -ffunction-sections -fdata-sections    -fvisibility=hidden -fvisibility-inlines-hidden -DCHECK_FUNCTION_EXISTS=sgemm_ -O3 -DNDEBUG   -Wl,--gc-sections  CMakeFiles/cmTC_b76bb.dir/CheckFunctionExists.c.o -o cmTC_b76bb 
/usr/bin/ld: CMakeFiles/cmTC_b76bb.dir/CheckFunctionExists.c.o: in function `main':
CheckFunctionExists.c:(.text.startup.main+0x10): undefined reference to `sgemm_'
collect2: error: ld returned 1 exit status
gmake[1]: *** [CMakeFiles/cmTC_b76bb.dir/build.make:106: cmTC_b76bb] Error 1
gmake[1]: Leaving directory '/home/iam/sub_proj/openCV_face/opencv/opencv-4.1.2/build/CMakeFiles/CMakeTmp'
gmake: *** [Makefile:140: cmTC_b76bb/fast] Error 2



Determining if the function cheev_ exists failed with the following output:
Change Dir: /home/iam/sub_proj/openCV_face/opencv/opencv-4.1.2/build/CMakeFiles/CMakeTmp

Run Build Command(s):/usr/bin/gmake cmTC_3fc20/fast && /usr/bin/gmake  -f CMakeFiles/cmTC_3fc20.dir/build.make CMakeFiles/cmTC_3fc20.dir/build
gmake[1]: Entering directory '/home/iam/sub_proj/openCV_face/opencv/opencv-4.1.2/build/CMakeFiles/CMakeTmp'
Building C object CMakeFiles/cmTC_3fc20.dir/CheckFunctionExists.c.o
/usr/bin/cc   -fsigned-char -W -Wall -Werror=return-type -Werror=non-virtual-dtor -Werror=address -Werror=sequence-point -Wformat -Werror=format-security -Wmissing-declarations -Wmissing-prototypes -Wstrict-prototypes -Wundef -Winit-self -Wpointer-arith -Wshadow -Wsign-promo -Wuninitialized -Winit-self -Wsuggest-override -Wno-delete-non-virtual-dtor -Wno-comment -Wimplicit-fallthrough=3 -Wno-strict-overflow -fdiagnostics-show-option -pthread -fomit-frame-pointer -ffunction-sections -fdata-sections    -fvisibility=hidden -fvisibility-inlines-hidden -DCHECK_FUNCTION_EXISTS=cheev_ -O3 -DNDEBUG -fPIE -o CMakeFiles/cmTC_3fc20.dir/CheckFunctionExists.c.o -c /usr/share/cmake-3.18/Modules/CheckFunctionExists.c
cc1: warning: ‘-Werror=’ argument ‘-Werror=non-virtual-dtor’ is not valid for C
cc1: warning: command-line option ‘-Wsign-promo’ is valid for C++/ObjC++ but not for C
cc1: warning: command-line option ‘-Wsuggest-override’ is valid for C++/ObjC++ but not for C
cc1: warning: command-line option ‘-Wno-delete-non-virtual-dtor’ is valid for C++/ObjC++ but not for C
cc1: warning: command-line option ‘-fvisibility-inlines-hidden’ is valid for C++/ObjC++ but not for C
Linking C executable cmTC_3fc20
/usr/bin/cmake -E cmake_link_script CMakeFiles/cmTC_3fc20.dir/link.txt --verbose=1
/usr/bin/cc    -fsigned-char -W -Wall -Werror=return-type -Werror=non-virtual-dtor -Werror=address -Werror=sequence-point -Wformat -Werror=format-security -Wmissing-declarations -Wmissing-prototypes -Wstrict-prototypes -Wundef -Winit-self -Wpointer-arith -Wshadow -Wsign-promo -Wuninitialized -Winit-self -Wsuggest-override -Wno-delete-non-virtual-dtor -Wno-comment -Wimplicit-fallthrough=3 -Wno-strict-overflow -fdiagnostics-show-option -pthread -fomit-frame-pointer -ffunction-sections -fdata-sections    -fvisibility=hidden -fvisibility-inlines-hidden -DCHECK_FUNCTION_EXISTS=cheev_ -O3 -DNDEBUG   -Wl,--gc-sections  CMakeFiles/cmTC_3fc20.dir/CheckFunctionExists.c.o -o cmTC_3fc20  /usr/lib/aarch64-linux-gnu/libblas.so /usr/lib/aarch64-linux-gnu/libf77blas.so /usr/lib/aarch64-linux-gnu/libatlas.so -lm -ldl 
/usr/bin/ld: CMakeFiles/cmTC_3fc20.dir/CheckFunctionExists.c.o: in function `main':
CheckFunctionExists.c:(.text.startup.main+0x10): undefined reference to `cheev_'
collect2: error: ld returned 1 exit status
gmake[1]: *** [CMakeFiles/cmTC_3fc20.dir/build.make:109: cmTC_3fc20] Error 1
gmake[1]: Leaving directory '/home/iam/sub_proj/openCV_face/opencv/opencv-4.1.2/build/CMakeFiles/CMakeTmp'
gmake: *** [Makefile:140: cmTC_3fc20/fast] Error 2



Build output check failed:
    Regex: 'unrecognized .*option'
    Output line: 'cc1plus: note: unrecognized command-line option ‘-Wno-tautological-undefined-compare’ may have been intended to silence earlier diagnostics'
Compilation failed:
    source file: '/home/iam/sub_proj/openCV_face/opencv/opencv-4.1.2/build/CMakeFiles/CMakeTmp/src.cxx'
    check option: ' -Wno-tautological-undefined-compare'
===== BUILD LOG =====
Change Dir: /home/iam/sub_proj/openCV_face/opencv/opencv-4.1.2/build/CMakeFiles/CMakeTmp

Run Build Command(s):/usr/bin/gmake cmTC_b185f/fast && /usr/bin/gmake  -f CMakeFiles/cmTC_b185f.dir/build.make CMakeFiles/cmTC_b185f.dir/build
gmake[1]: Entering directory '/home/iam/sub_proj/openCV_face/opencv/opencv-4.1.2/build/CMakeFiles/CMakeTmp'
Building CXX object CMakeFiles/cmTC_b185f.dir/src.cxx.o
/usr/bin/c++   -fsigned-char -W -Wall -Werror=return-type -Werror=non-virtual-dtor -Werror=address -Werror=sequence-point -Wformat -Werror=format-security -Wstrict-prototypes -Winit-self -Wpointer-arith -Wuninitialized -Winit-self -Wsuggest-override -Wno-delete-non-virtual-dtor -Wno-comment -Wimplicit-fallthrough=3 -Wno-strict-overflow -fdiagnostics-show-option -pthread -fomit-frame-pointer -ffunction-sections -fdata-sections    -fvisibility=hidden -fvisibility-inlines-hidden -Wno-deprecated -Wno-missing-prototypes -Wno-missing-declarations -Wno-shadow -Wno-unused-parameter -Wno-unused-local-typedefs -Wno-sign-compare -Wno-sign-promo -Wno-undef  -O3 -DNDEBUG -fPIE    -Wno-tautological-undefined-compare -std=c++11 -o CMakeFiles/cmTC_b185f.dir/src.cxx.o -c /home/iam/sub_proj/openCV_face/opencv/opencv-4.1.2/build/CMakeFiles/CMakeTmp/src.cxx
cc1plus: warning: command-line option ‘-Wstrict-prototypes’ is valid for C/ObjC but not for C++
cc1plus: warning: command-line option ‘-Wno-missing-prototypes’ is valid for C/ObjC but not for C++
/home/iam/sub_proj/openCV_face/opencv/opencv-4.1.2/build/CMakeFiles/CMakeTmp/src.cxx:1: warning: ignoring ‘#pragma  ’ [-Wunknown-pragmas]
    1 | #pragma
      | 
cc1plus: note: unrecognized command-line option ‘-Wno-tautological-undefined-compare’ may have been intended to silence earlier diagnostics
Linking CXX executable cmTC_b185f
/usr/bin/cmake -E cmake_link_script CMakeFiles/cmTC_b185f.dir/link.txt --verbose=1
/usr/bin/c++    -fsigned-char -W -Wall -Werror=return-type -Werror=non-virtual-dtor -Werror=address -Werror=sequence-point -Wformat -Werror=format-security -Wstrict-prototypes -Winit-self -Wpointer-arith -Wuninitialized -Winit-self -Wsuggest-override -Wno-delete-non-virtual-dtor -Wno-comment -Wimplicit-fallthrough=3 -Wno-strict-overflow -fdiagnostics-show-option -pthread -fomit-frame-pointer -ffunction-sections -fdata-sections    -fvisibility=hidden -fvisibility-inlines-hidden -Wno-deprecated -Wno-missing-prototypes -Wno-missing-declarations -Wno-shadow -Wno-unused-parameter -Wno-unused-local-typedefs -Wno-sign-compare -Wno-sign-promo -Wno-undef  -O3 -DNDEBUG   -Wl,--gc-sections  CMakeFiles/cmTC_b185f.dir/src.cxx.o -o cmTC_b185f 
gmake[1]: Leaving directory '/home/iam/sub_proj/openCV_face/opencv/opencv-4.1.2/build/CMakeFiles/CMakeTmp'


===== END =====

Build output check failed:
    Regex: 'unrecognized .*option'
    Output line: 'cc1plus: note: unrecognized command-line option ‘-Wno-shorten-64-to-32’ may have been intended to silence earlier diagnostics'
Compilation failed:
    source file: '/home/iam/sub_proj/openCV_face/opencv/opencv-4.1.2/build/CMakeFiles/CMakeTmp/src.cxx'
    check option: ' -Wno-shorten-64-to-32'
===== BUILD LOG =====
Change Dir: /home/iam/sub_proj/openCV_face/opencv/opencv-4.1.2/build/CMakeFiles/CMakeTmp

Run Build Command(s):/usr/bin/gmake cmTC_2deb4/fast && /usr/bin/gmake  -f CMakeFiles/cmTC_2deb4.dir/build.make CMakeFiles/cmTC_2deb4.dir/build
gmake[1]: Entering directory '/home/iam/sub_proj/openCV_face/opencv/opencv-4.1.2/build/CMakeFiles/CMakeTmp'
Building CXX object CMakeFiles/cmTC_2deb4.dir/src.cxx.o
/usr/bin/c++   -fsigned-char -W -Wall -Werror=return-type -Werror=non-virtual-dtor -Werror=address -Werror=sequence-point -Wformat -Werror=format-security -Wstrict-prototypes -Winit-self -Wpointer-arith -Wuninitialized -Winit-self -Wsuggest-override -Wno-delete-non-virtual-dtor -Wno-comment -Wimplicit-fallthrough=3 -Wno-strict-overflow -fdiagnostics-show-option -pthread -fomit-frame-pointer -ffunction-sections -fdata-sections    -fvisibility=hidden -fvisibility-inlines-hidden -Wno-deprecated -Wno-missing-prototypes -Wno-missing-declarations -Wno-shadow -Wno-unused-parameter -Wno-unused-local-typedefs -Wno-sign-compare -Wno-sign-promo -Wno-undef -Wno-ignored-qualifiers -Wno-extra -Wno-unused-function -Wno-unused-const-variable  -O3 -DNDEBUG -fPIE    -Wno-shorten-64-to-32 -std=c++11 -o CMakeFiles/cmTC_2deb4.dir/src.cxx.o -c /home/iam/sub_proj/openCV_face/opencv/opencv-4.1.2/build/CMakeFiles/CMakeTmp/src.cxx
cc1plus: warning: command-line option ‘-Wstrict-prototypes’ is valid for C/ObjC but not for C++
cc1plus: warning: command-line option ‘-Wno-missing-prototypes’ is valid for C/ObjC but not for C++
/home/iam/sub_proj/openCV_face/opencv/opencv-4.1.2/build/CMakeFiles/CMakeTmp/src.cxx:1: warning: ignoring ‘#pragma  ’ [-Wunknown-pragmas]
    1 | #pragma
      | 
cc1plus: note: unrecognized command-line option ‘-Wno-shorten-64-to-32’ may have been intended to silence earlier diagnostics
Linking CXX executable cmTC_2deb4
/usr/bin/cmake -E cmake_link_script CMakeFiles/cmTC_2deb4.dir/link.txt --verbose=1
/usr/bin/c++    -fsigned-char -W -Wall -Werror=return-type -Werror=non-virtual-dtor -Werror=address -Werror=sequence-point -Wformat -Werror=format-security -Wstrict-prototypes -Winit-self -Wpointer-arith -Wuninitialized -Winit-self -Wsuggest-override -Wno-delete-non-virtual-dtor -Wno-comment -Wimplicit-fallthrough=3 -Wno-strict-overflow -fdiagnostics-show-option -pthread -fomit-frame-pointer -ffunction-sections -fdata-sections    -fvisibility=hidden -fvisibility-inlines-hidden -Wno-deprecated -Wno-missing-prototypes -Wno-missing-declarations -Wno-shadow -Wno-unused-parameter -Wno-unused-local-typedefs -Wno-sign-compare -Wno-sign-promo -Wno-undef -Wno-ignored-qualifiers -Wno-extra -Wno-unused-function -Wno-unused-const-variable  -O3 -DNDEBUG   -Wl,--gc-sections  CMakeFiles/cmTC_2deb4.dir/src.cxx.o -o cmTC_2deb4 
gmake[1]: Leaving directory '/home/iam/sub_proj/openCV_face/opencv/opencv-4.1.2/build/CMakeFiles/CMakeTmp'


===== END =====

Build output check failed:
    Regex: 'unrecognized .*option'
    Output line: 'cc1plus: note: unrecognized command-line option ‘-Wno-enum-compare-switch’ may have been intended to silence earlier diagnostics'
Compilation failed:
    source file: '/home/iam/sub_proj/openCV_face/opencv/opencv-4.1.2/build/CMakeFiles/CMakeTmp/src.cxx'
    check option: ' -Wno-enum-compare-switch'
===== BUILD LOG =====
Change Dir: /home/iam/sub_proj/openCV_face/opencv/opencv-4.1.2/build/CMakeFiles/CMakeTmp

Run Build Command(s):/usr/bin/gmake cmTC_98293/fast && /usr/bin/gmake  -f CMakeFiles/cmTC_98293.dir/build.make CMakeFiles/cmTC_98293.dir/build
gmake[1]: Entering directory '/home/iam/sub_proj/openCV_face/opencv/opencv-4.1.2/build/CMakeFiles/CMakeTmp'
Building CXX object CMakeFiles/cmTC_98293.dir/src.cxx.o
/usr/bin/c++   -fsigned-char -W -Wall -Werror=return-type -Werror=non-virtual-dtor -Werror=address -Werror=sequence-point -Wformat -Werror=format-security -Wstrict-prototypes -Winit-self -Wpointer-arith -Wuninitialized -Winit-self -Wsuggest-override -Wno-delete-non-virtual-dtor -Wno-comment -Wimplicit-fallthrough=3 -Wno-strict-overflow -fdiagnostics-show-option -pthread -fomit-frame-pointer -ffunction-sections -fdata-sections    -fvisibility=hidden -fvisibility-inlines-hidden -Wno-deprecated -Wno-missing-prototypes -Wno-missing-declarations -Wno-shadow -Wno-unused-parameter -Wno-unused-local-typedefs -Wno-sign-compare -Wno-sign-promo -Wno-undef -Wno-ignored-qualifiers -Wno-extra -Wno-unused-function -Wno-unused-const-variable -Wno-invalid-offsetof  -O3 -DNDEBUG -fPIE    -Wno-enum-compare-switch -std=c++11 -o CMakeFiles/cmTC_98293.dir/src.cxx.o -c /home/iam/sub_proj/openCV_face/opencv/opencv-4.1.2/build/CMakeFiles/CMakeTmp/src.cxx
cc1plus: warning: command-line option ‘-Wstrict-prototypes’ is valid for C/ObjC but not for C++
cc1plus: warning: command-line option ‘-Wno-missing-prototypes’ is valid for C/ObjC but not for C++
/home/iam/sub_proj/openCV_face/opencv/opencv-4.1.2/build/CMakeFiles/CMakeTmp/src.cxx:1: warning: ignoring ‘#pragma  ’ [-Wunknown-pragmas]
    1 | #pragma
      | 
cc1plus: note: unrecognized command-line option ‘-Wno-enum-compare-switch’ may have been intended to silence earlier diagnostics
Linking CXX executable cmTC_98293
/usr/bin/cmake -E cmake_link_script CMakeFiles/cmTC_98293.dir/link.txt --verbose=1
/usr/bin/c++    -fsigned-char -W -Wall -Werror=return-type -Werror=non-virtual-dtor -Werror=address -Werror=sequence-point -Wformat -Werror=format-security -Wstrict-prototypes -Winit-self -Wpointer-arith -Wuninitialized -Winit-self -Wsuggest-override -Wno-delete-non-virtual-dtor -Wno-comment -Wimplicit-fallthrough=3 -Wno-strict-overflow -fdiagnostics-show-option -pthread -fomit-frame-pointer -ffunction-sections -fdata-sections    -fvisibility=hidden -fvisibility-inlines-hidden -Wno-deprecated -Wno-missing-prototypes -Wno-missing-declarations -Wno-shadow -Wno-unused-parameter -Wno-unused-local-typedefs -Wno-sign-compare -Wno-sign-promo -Wno-undef -Wno-ignored-qualifiers -Wno-extra -Wno-unused-function -Wno-unused-const-variable -Wno-invalid-offsetof  -O3 -DNDEBUG   -Wl,--gc-sections  CMakeFiles/cmTC_98293.dir/src.cxx.o -o cmTC_98293 
gmake[1]: Leaving directory '/home/iam/sub_proj/openCV_face/opencv/opencv-4.1.2/build/CMakeFiles/CMakeTmp'


===== END =====

Build output check failed:
    Regex: 'unrecognized .*option'
    Output line: 'cc1plus: note: unrecognized command-line option ‘-Wno-inconsistent-missing-override’ may have been intended to silence earlier diagnostics'
Compilation failed:
    source file: '/home/iam/sub_proj/openCV_face/opencv/opencv-4.1.2/build/CMakeFiles/CMakeTmp/src.cxx'
    check option: ' -Wno-inconsistent-missing-override'
===== BUILD LOG =====
Change Dir: /home/iam/sub_proj/openCV_face/opencv/opencv-4.1.2/build/CMakeFiles/CMakeTmp

Run Build Command(s):/usr/bin/gmake cmTC_75c4b/fast && /usr/bin/gmake  -f CMakeFiles/cmTC_75c4b.dir/build.make CMakeFiles/cmTC_75c4b.dir/build
gmake[1]: Entering directory '/home/iam/sub_proj/openCV_face/opencv/opencv-4.1.2/build/CMakeFiles/CMakeTmp'
Building CXX object CMakeFiles/cmTC_75c4b.dir/src.cxx.o
/usr/bin/c++   -fsigned-char -W -Wall -Werror=return-type -Werror=non-virtual-dtor -Werror=address -Werror=sequence-point -Wformat -Werror=format-security -Wstrict-prototypes -Winit-self -Wpointer-arith -Wuninitialized -Winit-self -Wno-delete-non-virtual-dtor -Wno-comment -Wimplicit-fallthrough=3 -Wno-strict-overflow -fdiagnostics-show-option -pthread -fomit-frame-pointer -ffunction-sections -fdata-sections    -fvisibility=hidden -fvisibility-inlines-hidden -Wno-deprecated -Wno-missing-prototypes -Wno-missing-declarations -Wno-shadow -Wno-unused-parameter -Wno-unused-local-typedefs -Wno-sign-compare -Wno-sign-promo -Wno-undef -Wno-ignored-qualifiers -Wno-extra -Wno-unused-function -Wno-unused-const-variable -Wno-invalid-offsetof -Wno-suggest-override  -O3 -DNDEBUG -fPIE    -Wno-inconsistent-missing-override -std=c++11 -o CMakeFiles/cmTC_75c4b.dir/src.cxx.o -c /home/iam/sub_proj/openCV_face/opencv/opencv-4.1.2/build/CMakeFiles/CMakeTmp/src.cxx
cc1plus: warning: command-line option ‘-Wstrict-prototypes’ is valid for C/ObjC but not for C++
cc1plus: warning: command-line option ‘-Wno-missing-prototypes’ is valid for C/ObjC but not for C++
/home/iam/sub_proj/openCV_face/opencv/opencv-4.1.2/build/CMakeFiles/CMakeTmp/src.cxx:1: warning: ignoring ‘#pragma  ’ [-Wunknown-pragmas]
    1 | #pragma
      | 
cc1plus: note: unrecognized command-line option ‘-Wno-inconsistent-missing-override’ may have been intended to silence earlier diagnostics
Linking CXX executable cmTC_75c4b
/usr/bin/cmake -E cmake_link_script CMakeFiles/cmTC_75c4b.dir/link.txt --verbose=1
/usr/bin/c++    -fsigned-char -W -Wall -Werror=return-type -Werror=non-virtual-dtor -Werror=address -Werror=sequence-point -Wformat -Werror=format-security -Wstrict-prototypes -Winit-self -Wpointer-arith -Wuninitialized -Winit-self -Wno-delete-non-virtual-dtor -Wno-comment -Wimplicit-fallthrough=3 -Wno-strict-overflow -fdiagnostics-show-option -pthread -fomit-frame-pointer -ffunction-sections -fdata-sections    -fvisibility=hidden -fvisibility-inlines-hidden -Wno-deprecated -Wno-missing-prototypes -Wno-missing-declarations -Wno-shadow -Wno-unused-parameter -Wno-unused-local-typedefs -Wno-sign-compare -Wno-sign-promo -Wno-undef -Wno-ignored-qualifiers -Wno-extra -Wno-unused-function -Wno-unused-const-variable -Wno-invalid-offsetof -Wno-suggest-override  -O3 -DNDEBUG   -Wl,--gc-sections  CMakeFiles/cmTC_75c4b.dir/src.cxx.o -o cmTC_75c4b 
gmake[1]: Leaving directory '/home/iam/sub_proj/openCV_face/opencv/opencv-4.1.2/build/CMakeFiles/CMakeTmp'


===== END =====

Performing C++ SOURCE FILE Test CXX_HAS_MFPU_NEON failed with the following output:
Change Dir: /home/iam/sub_proj/openCV_face/opencv/opencv-4.1.2/build/CMakeFiles/CMakeTmp

Run Build Command(s):/usr/bin/gmake cmTC_c7537/fast && /usr/bin/gmake  -f CMakeFiles/cmTC_c7537.dir/build.make CMakeFiles/cmTC_c7537.dir/build
gmake[1]: Entering directory '/home/iam/sub_proj/openCV_face/opencv/opencv-4.1.2/build/CMakeFiles/CMakeTmp'
Building CXX object CMakeFiles/cmTC_c7537.dir/src.cxx.o
/usr/bin/c++   -fsigned-char -W -Wall -Werror=return-type -Werror=non-virtual-dtor -Werror=address -Werror=sequence-point -Wformat -Werror=format-security -Wmissing-declarations -Wmissing-prototypes -Wstrict-prototypes -Wundef -Winit-self -Wpointer-arith -Wshadow -Wsign-promo -Wuninitialized -Winit-self -Wsuggest-override -Wno-delete-non-virtual-dtor -Wno-comment -Wimplicit-fallthrough=3 -Wno-strict-overflow -fdiagnostics-show-option -pthread -fomit-frame-pointer -ffunction-sections -fdata-sections    -fvisibility=hidden -fvisibility-inlines-hidden -Wno-unused-function -funwind-tables -fweb -fwrapv -frename-registers -fsched2-use-superblocks -fsched2-use-traces -fsched-stalled-insns-dep=100 -fsched-stalled-insns=2 -DCXX_HAS_MFPU_NEON -O3 -DNDEBUG -fPIE   -mfpu=neon -o CMakeFiles/cmTC_c7537.dir/src.cxx.o -c /home/iam/sub_proj/openCV_face/opencv/opencv-4.1.2/build/CMakeFiles/CMakeTmp/src.cxx
c++: error: unrecognized command-line option '-mfpu=neon'
gmake[1]: *** [CMakeFiles/cmTC_c7537.dir/build.make:85: CMakeFiles/cmTC_c7537.dir/src.cxx.o] Error 1
gmake[1]: Leaving directory '/home/iam/sub_proj/openCV_face/opencv/opencv-4.1.2/build/CMakeFiles/CMakeTmp'
gmake: *** [Makefile:140: cmTC_c7537/fast] Error 2


Source file was:
int main() { return 0; }
Performing C SOURCE FILE Test C_HAS_MFPU_NEON failed with the following output:
Change Dir: /home/iam/sub_proj/openCV_face/opencv/opencv-4.1.2/build/CMakeFiles/CMakeTmp

Run Build Command(s):/usr/bin/gmake cmTC_f39e8/fast && /usr/bin/gmake  -f CMakeFiles/cmTC_f39e8.dir/build.make CMakeFiles/cmTC_f39e8.dir/build
gmake[1]: Entering directory '/home/iam/sub_proj/openCV_face/opencv/opencv-4.1.2/build/CMakeFiles/CMakeTmp'
Building C object CMakeFiles/cmTC_f39e8.dir/src.c.o
/usr/bin/cc   -fsigned-char -W -Wall -Werror=return-type -Werror=non-virtual-dtor -Werror=address -Werror=sequence-point -Wformat -Werror=format-security -Wmissing-declarations -Wmissing-prototypes -Wstrict-prototypes -Wundef -Winit-self -Wpointer-arith -Wshadow -Wsign-promo -Wuninitialized -Winit-self -Wsuggest-override -Wno-delete-non-virtual-dtor -Wno-comment -Wimplicit-fallthrough=3 -Wno-strict-overflow -fdiagnostics-show-option -pthread -fomit-frame-pointer -ffunction-sections -fdata-sections    -fvisibility=hidden -fvisibility-inlines-hidden -funwind-tables -fweb -fwrapv -frename-registers -fsched2-use-superblocks -fsched2-use-traces -fsched-stalled-insns-dep=100 -fsched-stalled-insns=2 -DC_HAS_MFPU_NEON -O3 -DNDEBUG -fPIE   -mfpu=neon -o CMakeFiles/cmTC_f39e8.dir/src.c.o -c /home/iam/sub_proj/openCV_face/opencv/opencv-4.1.2/build/CMakeFiles/CMakeTmp/src.c
cc: error: unrecognized command-line option '-mfpu=neon'
gmake[1]: *** [CMakeFiles/cmTC_f39e8.dir/build.make:85: CMakeFiles/cmTC_f39e8.dir/src.c.o] Error 1
gmake[1]: Leaving directory '/home/iam/sub_proj/openCV_face/opencv/opencv-4.1.2/build/CMakeFiles/CMakeTmp'
gmake: *** [Makefile:140: cmTC_f39e8/fast] Error 2


Source file was:
int main(void) { return 0; }
Determining if the include file sys/videoio.h exists failed with the following output:
Change Dir: /home/iam/sub_proj/openCV_face/opencv/opencv-4.1.2/build/CMakeFiles/CMakeTmp

Run Build Command(s):/usr/bin/gmake cmTC_ed755/fast && /usr/bin/gmake  -f CMakeFiles/cmTC_ed755.dir/build.make CMakeFiles/cmTC_ed755.dir/build
gmake[1]: Entering directory '/home/iam/sub_proj/openCV_face/opencv/opencv-4.1.2/build/CMakeFiles/CMakeTmp'
Building C object CMakeFiles/cmTC_ed755.dir/CheckIncludeFile.c.o
/usr/bin/cc   -fsigned-char -W -Wall -Werror=return-type -Werror=non-virtual-dtor -Werror=address -Werror=sequence-point -Wformat -Werror=format-security -Wmissing-declarations -Wmissing-prototypes -Wstrict-prototypes -Wundef -Winit-self -Wpointer-arith -Wshadow -Wsign-promo -Wuninitialized -Winit-self -Wsuggest-override -Wno-delete-non-virtual-dtor -Wno-comment -Wimplicit-fallthrough=3 -Wno-strict-overflow -fdiagnostics-show-option -pthread -fomit-frame-pointer -ffunction-sections -fdata-sections    -fvisibility=hidden -fvisibility-inlines-hidden  -O3 -DNDEBUG -fPIE -o CMakeFiles/cmTC_ed755.dir/CheckIncludeFile.c.o -c /home/iam/sub_proj/openCV_face/opencv/opencv-4.1.2/build/CMakeFiles/CMakeTmp/CheckIncludeFile.c
cc1: warning: ‘-Werror=’ argument ‘-Werror=non-virtual-dtor’ is not valid for C
cc1: warning: command-line option ‘-Wsign-promo’ is valid for C++/ObjC++ but not for C
cc1: warning: command-line option ‘-Wsuggest-override’ is valid for C++/ObjC++ but not for C
cc1: warning: command-line option ‘-Wno-delete-non-virtual-dtor’ is valid for C++/ObjC++ but not for C
cc1: warning: command-line option ‘-fvisibility-inlines-hidden’ is valid for C++/ObjC++ but not for C
/home/iam/sub_proj/openCV_face/opencv/opencv-4.1.2/build/CMakeFiles/CMakeTmp/CheckIncludeFile.c:1:10: fatal error: sys/videoio.h: No such file or directory
    1 | #include <sys/videoio.h>
      |          ^~~~~~~~~~~~~~~
compilation terminated.
gmake[1]: *** [CMakeFiles/cmTC_ed755.dir/build.make:85: CMakeFiles/cmTC_ed755.dir/CheckIncludeFile.c.o] Error 1
gmake[1]: Leaving directory '/home/iam/sub_proj/openCV_face/opencv/opencv-4.1.2/build/CMakeFiles/CMakeTmp'
gmake: *** [Makefile:140: cmTC_ed755/fast] Error 2



Build output check failed:
    Regex: 'unrecognized .*option'
    Output line: 'cc1plus: note: unrecognized command-line option ‘-Wno-unused-private-field’ may have been intended to silence earlier diagnostics'
Compilation failed:
    source file: '/home/iam/sub_proj/openCV_face/opencv/opencv-4.1.2/build/CMakeFiles/CMakeTmp/src.cxx'
    check option: ' -Wno-unused-private-field'
===== BUILD LOG =====
Change Dir: /home/iam/sub_proj/openCV_face/opencv/opencv-4.1.2/build/CMakeFiles/CMakeTmp

Run Build Command(s):/usr/bin/gmake cmTC_7e872/fast && /usr/bin/gmake  -f CMakeFiles/cmTC_7e872.dir/build.make CMakeFiles/cmTC_7e872.dir/build
gmake[1]: Entering directory '/home/iam/sub_proj/openCV_face/opencv/opencv-4.1.2/build/CMakeFiles/CMakeTmp'
Building CXX object CMakeFiles/cmTC_7e872.dir/src.cxx.o
/usr/bin/c++   -fsigned-char -W -Wall -Werror=return-type -Werror=non-virtual-dtor -Werror=address -Werror=sequence-point -Wformat -Werror=format-security -Wmissing-declarations -Wmissing-prototypes -Wstrict-prototypes -Wundef -Winit-self -Wpointer-arith -Wshadow -Wsign-promo -Wuninitialized -Winit-self -Wsuggest-override -Wno-delete-non-virtual-dtor -Wno-comment -Wimplicit-fallthrough=3 -Wno-strict-overflow -fdiagnostics-show-option -pthread -fomit-frame-pointer -ffunction-sections -fdata-sections    -fvisibility=hidden -fvisibility-inlines-hidden -Wno-unused-function -Wno-deprecated-declarations -Wno-overloaded-virtual  -O3 -DNDEBUG -fPIE    -Wno-unused-private-field -std=c++11 -o CMakeFiles/cmTC_7e872.dir/src.cxx.o -c /home/iam/sub_proj/openCV_face/opencv/opencv-4.1.2/build/CMakeFiles/CMakeTmp/src.cxx
cc1plus: warning: command-line option ‘-Wmissing-prototypes’ is valid for C/ObjC but not for C++
cc1plus: warning: command-line option ‘-Wstrict-prototypes’ is valid for C/ObjC but not for C++
/home/iam/sub_proj/openCV_face/opencv/opencv-4.1.2/build/CMakeFiles/CMakeTmp/src.cxx:1: warning: ignoring ‘#pragma  ’ [-Wunknown-pragmas]
    1 | #pragma
      | 
cc1plus: note: unrecognized command-line option ‘-Wno-unused-private-field’ may have been intended to silence earlier diagnostics
Linking CXX executable cmTC_7e872
/usr/bin/cmake -E cmake_link_script CMakeFiles/cmTC_7e872.dir/link.txt --verbose=1
/usr/bin/c++    -fsigned-char -W -Wall -Werror=return-type -Werror=non-virtual-dtor -Werror=address -Werror=sequence-point -Wformat -Werror=format-security -Wmissing-declarations -Wmissing-prototypes -Wstrict-prototypes -Wundef -Winit-self -Wpointer-arith -Wshadow -Wsign-promo -Wuninitialized -Winit-self -Wsuggest-override -Wno-delete-non-virtual-dtor -Wno-comment -Wimplicit-fallthrough=3 -Wno-strict-overflow -fdiagnostics-show-option -pthread -fomit-frame-pointer -ffunction-sections -fdata-sections    -fvisibility=hidden -fvisibility-inlines-hidden -Wno-unused-function -Wno-deprecated-declarations -Wno-overloaded-virtual  -O3 -DNDEBUG   -Wl,--gc-sections  CMakeFiles/cmTC_7e872.dir/src.cxx.o -o cmTC_7e872 
gmake[1]: Leaving directory '/home/iam/sub_proj/openCV_face/opencv/opencv-4.1.2/build/CMakeFiles/CMakeTmp'


===== END =====

Build output check failed:
    Regex: 'unrecognized .*option'
    Output line: 'cc1plus: note: unrecognized command-line option ‘-Wno-unnamed-type-template-args’ may have been intended to silence earlier diagnostics'
Compilation failed:
    source file: '/home/iam/sub_proj/openCV_face/opencv/opencv-4.1.2/build/CMakeFiles/CMakeTmp/src.cxx'
    check option: ' -fsigned-char -W -Wall -Werror=return-type -Werror=non-virtual-dtor -Werror=address -Werror=sequence-point -Wformat -Werror=format-security -Wmissing-declarations -Wmissing-prototypes -Wstrict-prototypes -Wundef -Winit-self -Wpointer-arith -Wshadow -Wsign-promo -Wuninitialized -Winit-self -Wsuggest-override -Wno-delete-non-virtual-dtor  -Wno-unnamed-type-template-args'
===== BUILD LOG =====
Change Dir: /home/iam/sub_proj/openCV_face/opencv/opencv-4.1.2/build/CMakeFiles/CMakeTmp

Run Build Command(s):/usr/bin/gmake cmTC_623f1/fast && /usr/bin/gmake  -f CMakeFiles/cmTC_623f1.dir/build.make CMakeFiles/cmTC_623f1.dir/build
gmake[1]: Entering directory '/home/iam/sub_proj/openCV_face/opencv/opencv-4.1.2/build/CMakeFiles/CMakeTmp'
Building CXX object CMakeFiles/cmTC_623f1.dir/src.cxx.o
/usr/bin/c++   -O3 -DNDEBUG -fPIE    -fsigned-char -W -Wall -Werror=return-type -Werror=non-virtual-dtor -Werror=address -Werror=sequence-point -Wformat -Werror=format-security -Wmissing-declarations -Wmissing-prototypes -Wstrict-prototypes -Wundef -Winit-self -Wpointer-arith -Wshadow -Wsign-promo -Wuninitialized -Winit-self -Wsuggest-override -Wno-delete-non-virtual-dtor  -Wno-unnamed-type-template-args -std=c++11 -o CMakeFiles/cmTC_623f1.dir/src.cxx.o -c /home/iam/sub_proj/openCV_face/opencv/opencv-4.1.2/build/CMakeFiles/CMakeTmp/src.cxx
cc1plus: warning: command-line option ‘-Wmissing-prototypes’ is valid for C/ObjC but not for C++
cc1plus: warning: command-line option ‘-Wstrict-prototypes’ is valid for C/ObjC but not for C++
/home/iam/sub_proj/openCV_face/opencv/opencv-4.1.2/build/CMakeFiles/CMakeTmp/src.cxx:1: warning: ignoring ‘#pragma  ’ [-Wunknown-pragmas]
    1 | #pragma
      | 
cc1plus: note: unrecognized command-line option ‘-Wno-unnamed-type-template-args’ may have been intended to silence earlier diagnostics
Linking CXX executable cmTC_623f1
/usr/bin/cmake -E cmake_link_script CMakeFiles/cmTC_623f1.dir/link.txt --verbose=1
/usr/bin/c++ -O3 -DNDEBUG CMakeFiles/cmTC_623f1.dir/src.cxx.o -o cmTC_623f1 
gmake[1]: Leaving directory '/home/iam/sub_proj/openCV_face/opencv/opencv-4.1.2/build/CMakeFiles/CMakeTmp'


===== END =====

Build output check failed:
    Regex: 'unrecognized .*option'
    Output line: 'cc1: note: unrecognized command-line option ‘-Wno-unnamed-type-template-args’ may have been intended to silence earlier diagnostics'
Compilation failed:
    source file: '/home/iam/sub_proj/openCV_face/opencv/opencv-4.1.2/build/CMakeFiles/CMakeTmp/src.c'
    check option: ' -fsigned-char -W -Wall -Werror=return-type -Werror=non-virtual-dtor -Werror=address -Werror=sequence-point -Wformat -Werror=format-security -Wmissing-declarations -Wmissing-prototypes -Wstrict-prototypes -Wundef -Winit-self -Wpointer-arith -Wshadow -Wsign-promo -Wuninitialized -Winit-self -Wsuggest-override -Wno-delete-non-virtual-dtor  -Wno-unnamed-type-template-args'
===== BUILD LOG =====
Change Dir: /home/iam/sub_proj/openCV_face/opencv/opencv-4.1.2/build/CMakeFiles/CMakeTmp

Run Build Command(s):/usr/bin/gmake cmTC_935ec/fast && /usr/bin/gmake  -f CMakeFiles/cmTC_935ec.dir/build.make CMakeFiles/cmTC_935ec.dir/build
gmake[1]: Entering directory '/home/iam/sub_proj/openCV_face/opencv/opencv-4.1.2/build/CMakeFiles/CMakeTmp'
Building C object CMakeFiles/cmTC_935ec.dir/src.c.o
/usr/bin/cc   -O3 -DNDEBUG -fPIE    -fsigned-char -W -Wall -Werror=return-type -Werror=non-virtual-dtor -Werror=address -Werror=sequence-point -Wformat -Werror=format-security -Wmissing-declarations -Wmissing-prototypes -Wstrict-prototypes -Wundef -Winit-self -Wpointer-arith -Wshadow -Wsign-promo -Wuninitialized -Winit-self -Wsuggest-override -Wno-delete-non-virtual-dtor  -Wno-unnamed-type-template-args -o CMakeFiles/cmTC_935ec.dir/src.c.o -c /home/iam/sub_proj/openCV_face/opencv/opencv-4.1.2/build/CMakeFiles/CMakeTmp/src.c
cc1: warning: ‘-Werror=’ argument ‘-Werror=non-virtual-dtor’ is not valid for C
cc1: warning: command-line option ‘-Wsign-promo’ is valid for C++/ObjC++ but not for C
cc1: warning: command-line option ‘-Wsuggest-override’ is valid for C++/ObjC++ but not for C
cc1: warning: command-line option ‘-Wno-delete-non-virtual-dtor’ is valid for C++/ObjC++ but not for C
/home/iam/sub_proj/openCV_face/opencv/opencv-4.1.2/build/CMakeFiles/CMakeTmp/src.c:1: warning: ignoring ‘#pragma  ’ [-Wunknown-pragmas]
    1 | #pragma
      | 
cc1: note: unrecognized command-line option ‘-Wno-unnamed-type-template-args’ may have been intended to silence earlier diagnostics
Linking C executable cmTC_935ec
/usr/bin/cmake -E cmake_link_script CMakeFiles/cmTC_935ec.dir/link.txt --verbose=1
/usr/bin/cc -O3 -DNDEBUG CMakeFiles/cmTC_935ec.dir/src.c.o -o cmTC_935ec 
gmake[1]: Leaving directory '/home/iam/sub_proj/openCV_face/opencv/opencv-4.1.2/build/CMakeFiles/CMakeTmp'


===== END =====

Determining if the function sgemm_ exists failed with the following output:
Change Dir: /home/iam/sub_proj/openCV_face/opencv/opencv-4.1.2/build/CMakeFiles/CMakeTmp

Run Build Command(s):/usr/bin/gmake cmTC_533ba/fast && /usr/bin/gmake  -f CMakeFiles/cmTC_533ba.dir/build.make CMakeFiles/cmTC_533ba.dir/build
gmake[1]: Entering directory '/home/iam/sub_proj/openCV_face/opencv/opencv-4.1.2/build/CMakeFiles/CMakeTmp'
Building C object CMakeFiles/cmTC_533ba.dir/CheckFunctionExists.c.o
/usr/bin/cc   -fsigned-char -W -Wall -Werror=return-type -Werror=non-virtual-dtor -Werror=address -Werror=sequence-point -Wformat -Werror=format-security -Wmissing-declarations -Wmissing-prototypes -Wstrict-prototypes -Wundef -Winit-self -Wpointer-arith -Wshadow -Wsign-promo -Wuninitialized -Winit-self -Wsuggest-override -Wno-delete-non-virtual-dtor -Wno-comment -Wimplicit-fallthrough=3 -Wno-strict-overflow -fdiagnostics-show-option -pthread -fomit-frame-pointer -ffunction-sections -fdata-sections    -fvisibility=hidden -fvisibility-inlines-hidden -DCHECK_FUNCTION_EXISTS=sgemm_ -O3 -DNDEBUG -fPIE -o CMakeFiles/cmTC_533ba.dir/CheckFunctionExists.c.o -c /usr/share/cmake-3.18/Modules/CheckFunctionExists.c
cc1: warning: ‘-Werror=’ argument ‘-Werror=non-virtual-dtor’ is not valid for C
cc1: warning: command-line option ‘-Wsign-promo’ is valid for C++/ObjC++ but not for C
cc1: warning: command-line option ‘-Wsuggest-override’ is valid for C++/ObjC++ but not for C
cc1: warning: command-line option ‘-Wno-delete-non-virtual-dtor’ is valid for C++/ObjC++ but not for C
cc1: warning: command-line option ‘-fvisibility-inlines-hidden’ is valid for C++/ObjC++ but not for C
Linking C executable cmTC_533ba
/usr/bin/cmake -E cmake_link_script CMakeFiles/cmTC_533ba.dir/link.txt --verbose=1
/usr/bin/cc    -fsigned-char -W -Wall -Werror=return-type -Werror=non-virtual-dtor -Werror=address -Werror=sequence-point -Wformat -Werror=format-security -Wmissing-declarations -Wmissing-prototypes -Wstrict-prototypes -Wundef -Winit-self -Wpointer-arith -Wshadow -Wsign-promo -Wuninitialized -Winit-self -Wsuggest-override -Wno-delete-non-virtual-dtor -Wno-comment -Wimplicit-fallthrough=3 -Wno-strict-overflow -fdiagnostics-show-option -pthread -fomit-frame-pointer -ffunction-sections -fdata-sections    -fvisibility=hidden -fvisibility-inlines-hidden -DCHECK_FUNCTION_EXISTS=sgemm_ -O3 -DNDEBUG   -Wl,--gc-sections  CMakeFiles/cmTC_533ba.dir/CheckFunctionExists.c.o -o cmTC_533ba 
/usr/bin/ld: CMakeFiles/cmTC_533ba.dir/CheckFunctionExists.c.o: in function `main':
CheckFunctionExists.c:(.text.startup.main+0x10): undefined reference to `sgemm_'
collect2: error: ld returned 1 exit status
gmake[1]: *** [CMakeFiles/cmTC_533ba.dir/build.make:106: cmTC_533ba] Error 1
gmake[1]: Leaving directory '/home/iam/sub_proj/openCV_face/opencv/opencv-4.1.2/build/CMakeFiles/CMakeTmp'
gmake: *** [Makefile:140: cmTC_533ba/fast] Error 2



Determining if the function cheev_ exists failed with the following output:
Change Dir: /home/iam/sub_proj/openCV_face/opencv/opencv-4.1.2/build/CMakeFiles/CMakeTmp

Run Build Command(s):/usr/bin/gmake cmTC_3b5a3/fast && /usr/bin/gmake  -f CMakeFiles/cmTC_3b5a3.dir/build.make CMakeFiles/cmTC_3b5a3.dir/build
gmake[1]: Entering directory '/home/iam/sub_proj/openCV_face/opencv/opencv-4.1.2/build/CMakeFiles/CMakeTmp'
Building C object CMakeFiles/cmTC_3b5a3.dir/CheckFunctionExists.c.o
/usr/bin/cc   -fsigned-char -W -Wall -Werror=return-type -Werror=non-virtual-dtor -Werror=address -Werror=sequence-point -Wformat -Werror=format-security -Wmissing-declarations -Wmissing-prototypes -Wstrict-prototypes -Wundef -Winit-self -Wpointer-arith -Wshadow -Wsign-promo -Wuninitialized -Winit-self -Wsuggest-override -Wno-delete-non-virtual-dtor -Wno-comment -Wimplicit-fallthrough=3 -Wno-strict-overflow -fdiagnostics-show-option -pthread -fomit-frame-pointer -ffunction-sections -fdata-sections    -fvisibility=hidden -fvisibility-inlines-hidden -DCHECK_FUNCTION_EXISTS=cheev_ -O3 -DNDEBUG -fPIE -o CMakeFiles/cmTC_3b5a3.dir/CheckFunctionExists.c.o -c /usr/share/cmake-3.18/Modules/CheckFunctionExists.c
cc1: warning: ‘-Werror=’ argument ‘-Werror=non-virtual-dtor’ is not valid for C
cc1: warning: command-line option ‘-Wsign-promo’ is valid for C++/ObjC++ but not for C
cc1: warning: command-line option ‘-Wsuggest-override’ is valid for C++/ObjC++ but not for C
cc1: warning: command-line option ‘-Wno-delete-non-virtual-dtor’ is valid for C++/ObjC++ but not for C
cc1: warning: command-line option ‘-fvisibility-inlines-hidden’ is valid for C++/ObjC++ but not for C
Linking C executable cmTC_3b5a3
/usr/bin/cmake -E cmake_link_script CMakeFiles/cmTC_3b5a3.dir/link.txt --verbose=1
/usr/bin/cc    -fsigned-char -W -Wall -Werror=return-type -Werror=non-virtual-dtor -Werror=address -Werror=sequence-point -Wformat -Werror=format-security -Wmissing-declarations -Wmissing-prototypes -Wstrict-prototypes -Wundef -Winit-self -Wpointer-arith -Wshadow -Wsign-promo -Wuninitialized -Winit-self -Wsuggest-override -Wno-delete-non-virtual-dtor -Wno-comment -Wimplicit-fallthrough=3 -Wno-strict-overflow -fdiagnostics-show-option -pthread -fomit-frame-pointer -ffunction-sections -fdata-sections    -fvisibility=hidden -fvisibility-inlines-hidden -DCHECK_FUNCTION_EXISTS=cheev_ -O3 -DNDEBUG   -Wl,--gc-sections  CMakeFiles/cmTC_3b5a3.dir/CheckFunctionExists.c.o -o cmTC_3b5a3  /usr/lib/aarch64-linux-gnu/libblas.so /usr/lib/aarch64-linux-gnu/libf77blas.so /usr/lib/aarch64-linux-gnu/libatlas.so -lm -ldl 
/usr/bin/ld: CMakeFiles/cmTC_3b5a3.dir/CheckFunctionExists.c.o: in function `main':
CheckFunctionExists.c:(.text.startup.main+0x10): undefined reference to `cheev_'
collect2: error: ld returned 1 exit status
gmake[1]: *** [CMakeFiles/cmTC_3b5a3.dir/build.make:109: cmTC_3b5a3] Error 1
gmake[1]: Leaving directory '/home/iam/sub_proj/openCV_face/opencv/opencv-4.1.2/build/CMakeFiles/CMakeTmp'
gmake: *** [Makefile:140: cmTC_3b5a3/fast] Error 2



Build output check failed:
    Regex: 'unrecognized .*option'
    Output line: 'cc1plus: note: unrecognized command-line option ‘-Wno-tautological-undefined-compare’ may have been intended to silence earlier diagnostics'
Compilation failed:
    source file: '/home/iam/sub_proj/openCV_face/opencv/opencv-4.1.2/build/CMakeFiles/CMakeTmp/src.cxx'
    check option: ' -Wno-tautological-undefined-compare'
===== BUILD LOG =====
Change Dir: /home/iam/sub_proj/openCV_face/opencv/opencv-4.1.2/build/CMakeFiles/CMakeTmp

Run Build Command(s):/usr/bin/gmake cmTC_a18d8/fast && /usr/bin/gmake  -f CMakeFiles/cmTC_a18d8.dir/build.make CMakeFiles/cmTC_a18d8.dir/build
gmake[1]: Entering directory '/home/iam/sub_proj/openCV_face/opencv/opencv-4.1.2/build/CMakeFiles/CMakeTmp'
Building CXX object CMakeFiles/cmTC_a18d8.dir/src.cxx.o
/usr/bin/c++   -fsigned-char -W -Wall -Werror=return-type -Werror=non-virtual-dtor -Werror=address -Werror=sequence-point -Wformat -Werror=format-security -Wstrict-prototypes -Winit-self -Wpointer-arith -Wuninitialized -Winit-self -Wsuggest-override -Wno-delete-non-virtual-dtor -Wno-comment -Wimplicit-fallthrough=3 -Wno-strict-overflow -fdiagnostics-show-option -pthread -fomit-frame-pointer -ffunction-sections -fdata-sections    -fvisibility=hidden -fvisibility-inlines-hidden -Wno-deprecated -Wno-missing-prototypes -Wno-missing-declarations -Wno-shadow -Wno-unused-parameter -Wno-unused-local-typedefs -Wno-sign-compare -Wno-sign-promo -Wno-undef  -O3 -DNDEBUG -fPIE    -Wno-tautological-undefined-compare -std=c++11 -o CMakeFiles/cmTC_a18d8.dir/src.cxx.o -c /home/iam/sub_proj/openCV_face/opencv/opencv-4.1.2/build/CMakeFiles/CMakeTmp/src.cxx
cc1plus: warning: command-line option ‘-Wstrict-prototypes’ is valid for C/ObjC but not for C++
cc1plus: warning: command-line option ‘-Wno-missing-prototypes’ is valid for C/ObjC but not for C++
/home/iam/sub_proj/openCV_face/opencv/opencv-4.1.2/build/CMakeFiles/CMakeTmp/src.cxx:1: warning: ignoring ‘#pragma  ’ [-Wunknown-pragmas]
    1 | #pragma
      | 
cc1plus: note: unrecognized command-line option ‘-Wno-tautological-undefined-compare’ may have been intended to silence earlier diagnostics
Linking CXX executable cmTC_a18d8
/usr/bin/cmake -E cmake_link_script CMakeFiles/cmTC_a18d8.dir/link.txt --verbose=1
/usr/bin/c++    -fsigned-char -W -Wall -Werror=return-type -Werror=non-virtual-dtor -Werror=address -Werror=sequence-point -Wformat -Werror=format-security -Wstrict-prototypes -Winit-self -Wpointer-arith -Wuninitialized -Winit-self -Wsuggest-override -Wno-delete-non-virtual-dtor -Wno-comment -Wimplicit-fallthrough=3 -Wno-strict-overflow -fdiagnostics-show-option -pthread -fomit-frame-pointer -ffunction-sections -fdata-sections    -fvisibility=hidden -fvisibility-inlines-hidden -Wno-deprecated -Wno-missing-prototypes -Wno-missing-declarations -Wno-shadow -Wno-unused-parameter -Wno-unused-local-typedefs -Wno-sign-compare -Wno-sign-promo -Wno-undef  -O3 -DNDEBUG   -Wl,--gc-sections  CMakeFiles/cmTC_a18d8.dir/src.cxx.o -o cmTC_a18d8 
gmake[1]: Leaving directory '/home/iam/sub_proj/openCV_face/opencv/opencv-4.1.2/build/CMakeFiles/CMakeTmp'


===== END =====

Build output check failed:
    Regex: 'unrecognized .*option'
    Output line: 'cc1plus: note: unrecognized command-line option ‘-Wno-shorten-64-to-32’ may have been intended to silence earlier diagnostics'
Compilation failed:
    source file: '/home/iam/sub_proj/openCV_face/opencv/opencv-4.1.2/build/CMakeFiles/CMakeTmp/src.cxx'
    check option: ' -Wno-shorten-64-to-32'
===== BUILD LOG =====
Change Dir: /home/iam/sub_proj/openCV_face/opencv/opencv-4.1.2/build/CMakeFiles/CMakeTmp

Run Build Command(s):/usr/bin/gmake cmTC_31787/fast && /usr/bin/gmake  -f CMakeFiles/cmTC_31787.dir/build.make CMakeFiles/cmTC_31787.dir/build
gmake[1]: Entering directory '/home/iam/sub_proj/openCV_face/opencv/opencv-4.1.2/build/CMakeFiles/CMakeTmp'
Building CXX object CMakeFiles/cmTC_31787.dir/src.cxx.o
/usr/bin/c++   -fsigned-char -W -Wall -Werror=return-type -Werror=non-virtual-dtor -Werror=address -Werror=sequence-point -Wformat -Werror=format-security -Wstrict-prototypes -Winit-self -Wpointer-arith -Wuninitialized -Winit-self -Wsuggest-override -Wno-delete-non-virtual-dtor -Wno-comment -Wimplicit-fallthrough=3 -Wno-strict-overflow -fdiagnostics-show-option -pthread -fomit-frame-pointer -ffunction-sections -fdata-sections    -fvisibility=hidden -fvisibility-inlines-hidden -Wno-deprecated -Wno-missing-prototypes -Wno-missing-declarations -Wno-shadow -Wno-unused-parameter -Wno-unused-local-typedefs -Wno-sign-compare -Wno-sign-promo -Wno-undef -Wno-ignored-qualifiers -Wno-extra -Wno-unused-function -Wno-unused-const-variable  -O3 -DNDEBUG -fPIE    -Wno-shorten-64-to-32 -std=c++11 -o CMakeFiles/cmTC_31787.dir/src.cxx.o -c /home/iam/sub_proj/openCV_face/opencv/opencv-4.1.2/build/CMakeFiles/CMakeTmp/src.cxx
cc1plus: warning: command-line option ‘-Wstrict-prototypes’ is valid for C/ObjC but not for C++
cc1plus: warning: command-line option ‘-Wno-missing-prototypes’ is valid for C/ObjC but not for C++
/home/iam/sub_proj/openCV_face/opencv/opencv-4.1.2/build/CMakeFiles/CMakeTmp/src.cxx:1: warning: ignoring ‘#pragma  ’ [-Wunknown-pragmas]
    1 | #pragma
      | 
cc1plus: note: unrecognized command-line option ‘-Wno-shorten-64-to-32’ may have been intended to silence earlier diagnostics
Linking CXX executable cmTC_31787
/usr/bin/cmake -E cmake_link_script CMakeFiles/cmTC_31787.dir/link.txt --verbose=1
/usr/bin/c++    -fsigned-char -W -Wall -Werror=return-type -Werror=non-virtual-dtor -Werror=address -Werror=sequence-point -Wformat -Werror=format-security -Wstrict-prototypes -Winit-self -Wpointer-arith -Wuninitialized -Winit-self -Wsuggest-override -Wno-delete-non-virtual-dtor -Wno-comment -Wimplicit-fallthrough=3 -Wno-strict-overflow -fdiagnostics-show-option -pthread -fomit-frame-pointer -ffunction-sections -fdata-sections    -fvisibility=hidden -fvisibility-inlines-hidden -Wno-deprecated -Wno-missing-prototypes -Wno-missing-declarations -Wno-shadow -Wno-unused-parameter -Wno-unused-local-typedefs -Wno-sign-compare -Wno-sign-promo -Wno-undef -Wno-ignored-qualifiers -Wno-extra -Wno-unused-function -Wno-unused-const-variable  -O3 -DNDEBUG   -Wl,--gc-sections  CMakeFiles/cmTC_31787.dir/src.cxx.o -o cmTC_31787 
gmake[1]: Leaving directory '/home/iam/sub_proj/openCV_face/opencv/opencv-4.1.2/build/CMakeFiles/CMakeTmp'


===== END =====

Build output check failed:
    Regex: 'unrecognized .*option'
    Output line: 'cc1plus: note: unrecognized command-line option ‘-Wno-enum-compare-switch’ may have been intended to silence earlier diagnostics'
Compilation failed:
    source file: '/home/iam/sub_proj/openCV_face/opencv/opencv-4.1.2/build/CMakeFiles/CMakeTmp/src.cxx'
    check option: ' -Wno-enum-compare-switch'
===== BUILD LOG =====
Change Dir: /home/iam/sub_proj/openCV_face/opencv/opencv-4.1.2/build/CMakeFiles/CMakeTmp

Run Build Command(s):/usr/bin/gmake cmTC_96e33/fast && /usr/bin/gmake  -f CMakeFiles/cmTC_96e33.dir/build.make CMakeFiles/cmTC_96e33.dir/build
gmake[1]: Entering directory '/home/iam/sub_proj/openCV_face/opencv/opencv-4.1.2/build/CMakeFiles/CMakeTmp'
Building CXX object CMakeFiles/cmTC_96e33.dir/src.cxx.o
/usr/bin/c++   -fsigned-char -W -Wall -Werror=return-type -Werror=non-virtual-dtor -Werror=address -Werror=sequence-point -Wformat -Werror=format-security -Wstrict-prototypes -Winit-self -Wpointer-arith -Wuninitialized -Winit-self -Wsuggest-override -Wno-delete-non-virtual-dtor -Wno-comment -Wimplicit-fallthrough=3 -Wno-strict-overflow -fdiagnostics-show-option -pthread -fomit-frame-pointer -ffunction-sections -fdata-sections    -fvisibility=hidden -fvisibility-inlines-hidden -Wno-deprecated -Wno-missing-prototypes -Wno-missing-declarations -Wno-shadow -Wno-unused-parameter -Wno-unused-local-typedefs -Wno-sign-compare -Wno-sign-promo -Wno-undef -Wno-ignored-qualifiers -Wno-extra -Wno-unused-function -Wno-unused-const-variable -Wno-invalid-offsetof  -O3 -DNDEBUG -fPIE    -Wno-enum-compare-switch -std=c++11 -o CMakeFiles/cmTC_96e33.dir/src.cxx.o -c /home/iam/sub_proj/openCV_face/opencv/opencv-4.1.2/build/CMakeFiles/CMakeTmp/src.cxx
cc1plus: warning: command-line option ‘-Wstrict-prototypes’ is valid for C/ObjC but not for C++
cc1plus: warning: command-line option ‘-Wno-missing-prototypes’ is valid for C/ObjC but not for C++
/home/iam/sub_proj/openCV_face/opencv/opencv-4.1.2/build/CMakeFiles/CMakeTmp/src.cxx:1: warning: ignoring ‘#pragma  ’ [-Wunknown-pragmas]
    1 | #pragma
      | 
cc1plus: note: unrecognized command-line option ‘-Wno-enum-compare-switch’ may have been intended to silence earlier diagnostics
Linking CXX executable cmTC_96e33
/usr/bin/cmake -E cmake_link_script CMakeFiles/cmTC_96e33.dir/link.txt --verbose=1
/usr/bin/c++    -fsigned-char -W -Wall -Werror=return-type -Werror=non-virtual-dtor -Werror=address -Werror=sequence-point -Wformat -Werror=format-security -Wstrict-prototypes -Winit-self -Wpointer-arith -Wuninitialized -Winit-self -Wsuggest-override -Wno-delete-non-virtual-dtor -Wno-comment -Wimplicit-fallthrough=3 -Wno-strict-overflow -fdiagnostics-show-option -pthread -fomit-frame-pointer -ffunction-sections -fdata-sections    -fvisibility=hidden -fvisibility-inlines-hidden -Wno-deprecated -Wno-missing-prototypes -Wno-missing-declarations -Wno-shadow -Wno-unused-parameter -Wno-unused-local-typedefs -Wno-sign-compare -Wno-sign-promo -Wno-undef -Wno-ignored-qualifiers -Wno-extra -Wno-unused-function -Wno-unused-const-variable -Wno-invalid-offsetof  -O3 -DNDEBUG   -Wl,--gc-sections  CMakeFiles/cmTC_96e33.dir/src.cxx.o -o cmTC_96e33 
gmake[1]: Leaving directory '/home/iam/sub_proj/openCV_face/opencv/opencv-4.1.2/build/CMakeFiles/CMakeTmp'


===== END =====

Build output check failed:
    Regex: 'unrecognized .*option'
    Output line: 'cc1plus: note: unrecognized command-line option ‘-Wno-inconsistent-missing-override’ may have been intended to silence earlier diagnostics'
Compilation failed:
    source file: '/home/iam/sub_proj/openCV_face/opencv/opencv-4.1.2/build/CMakeFiles/CMakeTmp/src.cxx'
    check option: ' -Wno-inconsistent-missing-override'
===== BUILD LOG =====
Change Dir: /home/iam/sub_proj/openCV_face/opencv/opencv-4.1.2/build/CMakeFiles/CMakeTmp

Run Build Command(s):/usr/bin/gmake cmTC_117e3/fast && /usr/bin/gmake  -f CMakeFiles/cmTC_117e3.dir/build.make CMakeFiles/cmTC_117e3.dir/build
gmake[1]: Entering directory '/home/iam/sub_proj/openCV_face/opencv/opencv-4.1.2/build/CMakeFiles/CMakeTmp'
Building CXX object CMakeFiles/cmTC_117e3.dir/src.cxx.o
/usr/bin/c++   -fsigned-char -W -Wall -Werror=return-type -Werror=non-virtual-dtor -Werror=address -Werror=sequence-point -Wformat -Werror=format-security -Wstrict-prototypes -Winit-self -Wpointer-arith -Wuninitialized -Winit-self -Wno-delete-non-virtual-dtor -Wno-comment -Wimplicit-fallthrough=3 -Wno-strict-overflow -fdiagnostics-show-option -pthread -fomit-frame-pointer -ffunction-sections -fdata-sections    -fvisibility=hidden -fvisibility-inlines-hidden -Wno-deprecated -Wno-missing-prototypes -Wno-missing-declarations -Wno-shadow -Wno-unused-parameter -Wno-unused-local-typedefs -Wno-sign-compare -Wno-sign-promo -Wno-undef -Wno-ignored-qualifiers -Wno-extra -Wno-unused-function -Wno-unused-const-variable -Wno-invalid-offsetof -Wno-suggest-override  -O3 -DNDEBUG -fPIE    -Wno-inconsistent-missing-override -std=c++11 -o CMakeFiles/cmTC_117e3.dir/src.cxx.o -c /home/iam/sub_proj/openCV_face/opencv/opencv-4.1.2/build/CMakeFiles/CMakeTmp/src.cxx
cc1plus: warning: command-line option ‘-Wstrict-prototypes’ is valid for C/ObjC but not for C++
cc1plus: warning: command-line option ‘-Wno-missing-prototypes’ is valid for C/ObjC but not for C++
/home/iam/sub_proj/openCV_face/opencv/opencv-4.1.2/build/CMakeFiles/CMakeTmp/src.cxx:1: warning: ignoring ‘#pragma  ’ [-Wunknown-pragmas]
    1 | #pragma
      | 
cc1plus: note: unrecognized command-line option ‘-Wno-inconsistent-missing-override’ may have been intended to silence earlier diagnostics
Linking CXX executable cmTC_117e3
/usr/bin/cmake -E cmake_link_script CMakeFiles/cmTC_117e3.dir/link.txt --verbose=1
/usr/bin/c++    -fsigned-char -W -Wall -Werror=return-type -Werror=non-virtual-dtor -Werror=address -Werror=sequence-point -Wformat -Werror=format-security -Wstrict-prototypes -Winit-self -Wpointer-arith -Wuninitialized -Winit-self -Wno-delete-non-virtual-dtor -Wno-comment -Wimplicit-fallthrough=3 -Wno-strict-overflow -fdiagnostics-show-option -pthread -fomit-frame-pointer -ffunction-sections -fdata-sections    -fvisibility=hidden -fvisibility-inlines-hidden -Wno-deprecated -Wno-missing-prototypes -Wno-missing-declarations -Wno-shadow -Wno-unused-parameter -Wno-unused-local-typedefs -Wno-sign-compare -Wno-sign-promo -Wno-undef -Wno-ignored-qualifiers -Wno-extra -Wno-unused-function -Wno-unused-const-variable -Wno-invalid-offsetof -Wno-suggest-override  -O3 -DNDEBUG   -Wl,--gc-sections  CMakeFiles/cmTC_117e3.dir/src.cxx.o -o cmTC_117e3 
gmake[1]: Leaving directory '/home/iam/sub_proj/openCV_face/opencv/opencv-4.1.2/build/CMakeFiles/CMakeTmp'


===== END =====

Performing C++ SOURCE FILE Test CXX_HAS_MFPU_NEON failed with the following output:
Change Dir: /home/iam/sub_proj/openCV_face/opencv/opencv-4.1.2/build/CMakeFiles/CMakeTmp

Run Build Command(s):/usr/bin/gmake cmTC_6e045/fast && /usr/bin/gmake  -f CMakeFiles/cmTC_6e045.dir/build.make CMakeFiles/cmTC_6e045.dir/build
gmake[1]: Entering directory '/home/iam/sub_proj/openCV_face/opencv/opencv-4.1.2/build/CMakeFiles/CMakeTmp'
Building CXX object CMakeFiles/cmTC_6e045.dir/src.cxx.o
/usr/bin/c++   -fsigned-char -W -Wall -Werror=return-type -Werror=non-virtual-dtor -Werror=address -Werror=sequence-point -Wformat -Werror=format-security -Wmissing-declarations -Wmissing-prototypes -Wstrict-prototypes -Wundef -Winit-self -Wpointer-arith -Wshadow -Wsign-promo -Wuninitialized -Winit-self -Wsuggest-override -Wno-delete-non-virtual-dtor -Wno-comment -Wimplicit-fallthrough=3 -Wno-strict-overflow -fdiagnostics-show-option -pthread -fomit-frame-pointer -ffunction-sections -fdata-sections    -fvisibility=hidden -fvisibility-inlines-hidden -Wno-unused-function -funwind-tables -fweb -fwrapv -frename-registers -fsched2-use-superblocks -fsched2-use-traces -fsched-stalled-insns-dep=100 -fsched-stalled-insns=2 -DCXX_HAS_MFPU_NEON -O3 -DNDEBUG -fPIE   -mfpu=neon -o CMakeFiles/cmTC_6e045.dir/src.cxx.o -c /home/iam/sub_proj/openCV_face/opencv/opencv-4.1.2/build/CMakeFiles/CMakeTmp/src.cxx
c++: error: unrecognized command-line option '-mfpu=neon'
gmake[1]: *** [CMakeFiles/cmTC_6e045.dir/build.make:85: CMakeFiles/cmTC_6e045.dir/src.cxx.o] Error 1
gmake[1]: Leaving directory '/home/iam/sub_proj/openCV_face/opencv/opencv-4.1.2/build/CMakeFiles/CMakeTmp'
gmake: *** [Makefile:140: cmTC_6e045/fast] Error 2


Source file was:
int main() { return 0; }
Performing C SOURCE FILE Test C_HAS_MFPU_NEON failed with the following output:
Change Dir: /home/iam/sub_proj/openCV_face/opencv/opencv-4.1.2/build/CMakeFiles/CMakeTmp

Run Build Command(s):/usr/bin/gmake cmTC_3837d/fast && /usr/bin/gmake  -f CMakeFiles/cmTC_3837d.dir/build.make CMakeFiles/cmTC_3837d.dir/build
gmake[1]: Entering directory '/home/iam/sub_proj/openCV_face/opencv/opencv-4.1.2/build/CMakeFiles/CMakeTmp'
Building C object CMakeFiles/cmTC_3837d.dir/src.c.o
/usr/bin/cc   -fsigned-char -W -Wall -Werror=return-type -Werror=non-virtual-dtor -Werror=address -Werror=sequence-point -Wformat -Werror=format-security -Wmissing-declarations -Wmissing-prototypes -Wstrict-prototypes -Wundef -Winit-self -Wpointer-arith -Wshadow -Wsign-promo -Wuninitialized -Winit-self -Wsuggest-override -Wno-delete-non-virtual-dtor -Wno-comment -Wimplicit-fallthrough=3 -Wno-strict-overflow -fdiagnostics-show-option -pthread -fomit-frame-pointer -ffunction-sections -fdata-sections    -fvisibility=hidden -fvisibility-inlines-hidden -funwind-tables -fweb -fwrapv -frename-registers -fsched2-use-superblocks -fsched2-use-traces -fsched-stalled-insns-dep=100 -fsched-stalled-insns=2 -DC_HAS_MFPU_NEON -O3 -DNDEBUG -fPIE   -mfpu=neon -o CMakeFiles/cmTC_3837d.dir/src.c.o -c /home/iam/sub_proj/openCV_face/opencv/opencv-4.1.2/build/CMakeFiles/CMakeTmp/src.c
cc: error: unrecognized command-line option '-mfpu=neon'
gmake[1]: *** [CMakeFiles/cmTC_3837d.dir/build.make:85: CMakeFiles/cmTC_3837d.dir/src.c.o] Error 1
gmake[1]: Leaving directory '/home/iam/sub_proj/openCV_face/opencv/opencv-4.1.2/build/CMakeFiles/CMakeTmp'
gmake: *** [Makefile:140: cmTC_3837d/fast] Error 2


Source file was:
int main(void) { return 0; }
Determining if the include file sys/videoio.h exists failed with the following output:
Change Dir: /home/iam/sub_proj/openCV_face/opencv/opencv-4.1.2/build/CMakeFiles/CMakeTmp

Run Build Command(s):/usr/bin/gmake cmTC_3eb73/fast && /usr/bin/gmake  -f CMakeFiles/cmTC_3eb73.dir/build.make CMakeFiles/cmTC_3eb73.dir/build
gmake[1]: Entering directory '/home/iam/sub_proj/openCV_face/opencv/opencv-4.1.2/build/CMakeFiles/CMakeTmp'
Building C object CMakeFiles/cmTC_3eb73.dir/CheckIncludeFile.c.o
/usr/bin/cc   -fsigned-char -W -Wall -Werror=return-type -Werror=non-virtual-dtor -Werror=address -Werror=sequence-point -Wformat -Werror=format-security -Wmissing-declarations -Wmissing-prototypes -Wstrict-prototypes -Wundef -Winit-self -Wpointer-arith -Wshadow -Wsign-promo -Wuninitialized -Winit-self -Wsuggest-override -Wno-delete-non-virtual-dtor -Wno-comment -Wimplicit-fallthrough=3 -Wno-strict-overflow -fdiagnostics-show-option -pthread -fomit-frame-pointer -ffunction-sections -fdata-sections    -fvisibility=hidden -fvisibility-inlines-hidden  -O3 -DNDEBUG -fPIE -o CMakeFiles/cmTC_3eb73.dir/CheckIncludeFile.c.o -c /home/iam/sub_proj/openCV_face/opencv/opencv-4.1.2/build/CMakeFiles/CMakeTmp/CheckIncludeFile.c
cc1: warning: ‘-Werror=’ argument ‘-Werror=non-virtual-dtor’ is not valid for C
cc1: warning: command-line option ‘-Wsign-promo’ is valid for C++/ObjC++ but not for C
cc1: warning: command-line option ‘-Wsuggest-override’ is valid for C++/ObjC++ but not for C
cc1: warning: command-line option ‘-Wno-delete-non-virtual-dtor’ is valid for C++/ObjC++ but not for C
cc1: warning: command-line option ‘-fvisibility-inlines-hidden’ is valid for C++/ObjC++ but not for C
/home/iam/sub_proj/openCV_face/opencv/opencv-4.1.2/build/CMakeFiles/CMakeTmp/CheckIncludeFile.c:1:10: fatal error: sys/videoio.h: No such file or directory
    1 | #include <sys/videoio.h>
      |          ^~~~~~~~~~~~~~~
compilation terminated.
gmake[1]: *** [CMakeFiles/cmTC_3eb73.dir/build.make:85: CMakeFiles/cmTC_3eb73.dir/CheckIncludeFile.c.o] Error 1
gmake[1]: Leaving directory '/home/iam/sub_proj/openCV_face/opencv/opencv-4.1.2/build/CMakeFiles/CMakeTmp'
gmake: *** [Makefile:140: cmTC_3eb73/fast] Error 2



Build output check failed:
    Regex: 'unrecognized .*option'
    Output line: 'cc1plus: note: unrecognized command-line option ‘-Wno-unused-private-field’ may have been intended to silence earlier diagnostics'
Compilation failed:
    source file: '/home/iam/sub_proj/openCV_face/opencv/opencv-4.1.2/build/CMakeFiles/CMakeTmp/src.cxx'
    check option: ' -Wno-unused-private-field'
===== BUILD LOG =====
Change Dir: /home/iam/sub_proj/openCV_face/opencv/opencv-4.1.2/build/CMakeFiles/CMakeTmp

Run Build Command(s):/usr/bin/gmake cmTC_0ec75/fast && /usr/bin/gmake  -f CMakeFiles/cmTC_0ec75.dir/build.make CMakeFiles/cmTC_0ec75.dir/build
gmake[1]: Entering directory '/home/iam/sub_proj/openCV_face/opencv/opencv-4.1.2/build/CMakeFiles/CMakeTmp'
Building CXX object CMakeFiles/cmTC_0ec75.dir/src.cxx.o
/usr/bin/c++   -fsigned-char -W -Wall -Werror=return-type -Werror=non-virtual-dtor -Werror=address -Werror=sequence-point -Wformat -Werror=format-security -Wmissing-declarations -Wmissing-prototypes -Wstrict-prototypes -Wundef -Winit-self -Wpointer-arith -Wshadow -Wsign-promo -Wuninitialized -Winit-self -Wsuggest-override -Wno-delete-non-virtual-dtor -Wno-comment -Wimplicit-fallthrough=3 -Wno-strict-overflow -fdiagnostics-show-option -pthread -fomit-frame-pointer -ffunction-sections -fdata-sections    -fvisibility=hidden -fvisibility-inlines-hidden -Wno-unused-function -Wno-deprecated-declarations -Wno-overloaded-virtual  -O3 -DNDEBUG -fPIE    -Wno-unused-private-field -std=c++11 -o CMakeFiles/cmTC_0ec75.dir/src.cxx.o -c /home/iam/sub_proj/openCV_face/opencv/opencv-4.1.2/build/CMakeFiles/CMakeTmp/src.cxx
cc1plus: warning: command-line option ‘-Wmissing-prototypes’ is valid for C/ObjC but not for C++
cc1plus: warning: command-line option ‘-Wstrict-prototypes’ is valid for C/ObjC but not for C++
/home/iam/sub_proj/openCV_face/opencv/opencv-4.1.2/build/CMakeFiles/CMakeTmp/src.cxx:1: warning: ignoring ‘#pragma  ’ [-Wunknown-pragmas]
    1 | #pragma
      | 
cc1plus: note: unrecognized command-line option ‘-Wno-unused-private-field’ may have been intended to silence earlier diagnostics
Linking CXX executable cmTC_0ec75
/usr/bin/cmake -E cmake_link_script CMakeFiles/cmTC_0ec75.dir/link.txt --verbose=1
/usr/bin/c++    -fsigned-char -W -Wall -Werror=return-type -Werror=non-virtual-dtor -Werror=address -Werror=sequence-point -Wformat -Werror=format-security -Wmissing-declarations -Wmissing-prototypes -Wstrict-prototypes -Wundef -Winit-self -Wpointer-arith -Wshadow -Wsign-promo -Wuninitialized -Winit-self -Wsuggest-override -Wno-delete-non-virtual-dtor -Wno-comment -Wimplicit-fallthrough=3 -Wno-strict-overflow -fdiagnostics-show-option -pthread -fomit-frame-pointer -ffunction-sections -fdata-sections    -fvisibility=hidden -fvisibility-inlines-hidden -Wno-unused-function -Wno-deprecated-declarations -Wno-overloaded-virtual  -O3 -DNDEBUG   -Wl,--gc-sections  CMakeFiles/cmTC_0ec75.dir/src.cxx.o -o cmTC_0ec75 
gmake[1]: Leaving directory '/home/iam/sub_proj/openCV_face/opencv/opencv-4.1.2/build/CMakeFiles/CMakeTmp'


===== END =====

Build output check failed:
    Regex: 'unrecognized .*option'
    Output line: 'cc1plus: note: unrecognized command-line option ‘-Wno-unnamed-type-template-args’ may have been intended to silence earlier diagnostics'
Compilation failed:
    source file: '/home/iam/sub_proj/openCV_face/opencv/opencv-4.1.2/build/CMakeFiles/CMakeTmp/src.cxx'
    check option: ' -fsigned-char -W -Wall -Werror=return-type -Werror=non-virtual-dtor -Werror=address -Werror=sequence-point -Wformat -Werror=format-security -Wmissing-declarations -Wmissing-prototypes -Wstrict-prototypes -Wundef -Winit-self -Wpointer-arith -Wshadow -Wsign-promo -Wuninitialized -Winit-self -Wsuggest-override -Wno-delete-non-virtual-dtor  -Wno-unnamed-type-template-args'
===== BUILD LOG =====
Change Dir: /home/iam/sub_proj/openCV_face/opencv/opencv-4.1.2/build/CMakeFiles/CMakeTmp

Run Build Command(s):/usr/bin/gmake cmTC_74409/fast && /usr/bin/gmake  -f CMakeFiles/cmTC_74409.dir/build.make CMakeFiles/cmTC_74409.dir/build
gmake[1]: Entering directory '/home/iam/sub_proj/openCV_face/opencv/opencv-4.1.2/build/CMakeFiles/CMakeTmp'
Building CXX object CMakeFiles/cmTC_74409.dir/src.cxx.o
/usr/bin/c++   -O3 -DNDEBUG -fPIE    -fsigned-char -W -Wall -Werror=return-type -Werror=non-virtual-dtor -Werror=address -Werror=sequence-point -Wformat -Werror=format-security -Wmissing-declarations -Wmissing-prototypes -Wstrict-prototypes -Wundef -Winit-self -Wpointer-arith -Wshadow -Wsign-promo -Wuninitialized -Winit-self -Wsuggest-override -Wno-delete-non-virtual-dtor  -Wno-unnamed-type-template-args -std=c++11 -o CMakeFiles/cmTC_74409.dir/src.cxx.o -c /home/iam/sub_proj/openCV_face/opencv/opencv-4.1.2/build/CMakeFiles/CMakeTmp/src.cxx
cc1plus: warning: command-line option ‘-Wmissing-prototypes’ is valid for C/ObjC but not for C++
cc1plus: warning: command-line option ‘-Wstrict-prototypes’ is valid for C/ObjC but not for C++
/home/iam/sub_proj/openCV_face/opencv/opencv-4.1.2/build/CMakeFiles/CMakeTmp/src.cxx:1: warning: ignoring ‘#pragma  ’ [-Wunknown-pragmas]
    1 | #pragma
      | 
cc1plus: note: unrecognized command-line option ‘-Wno-unnamed-type-template-args’ may have been intended to silence earlier diagnostics
Linking CXX executable cmTC_74409
/usr/bin/cmake -E cmake_link_script CMakeFiles/cmTC_74409.dir/link.txt --verbose=1
/usr/bin/c++ -O3 -DNDEBUG CMakeFiles/cmTC_74409.dir/src.cxx.o -o cmTC_74409 
gmake[1]: Leaving directory '/home/iam/sub_proj/openCV_face/opencv/opencv-4.1.2/build/CMakeFiles/CMakeTmp'


===== END =====

Build output check failed:
    Regex: 'unrecognized .*option'
    Output line: 'cc1: note: unrecognized command-line option ‘-Wno-unnamed-type-template-args’ may have been intended to silence earlier diagnostics'
Compilation failed:
    source file: '/home/iam/sub_proj/openCV_face/opencv/opencv-4.1.2/build/CMakeFiles/CMakeTmp/src.c'
    check option: ' -fsigned-char -W -Wall -Werror=return-type -Werror=non-virtual-dtor -Werror=address -Werror=sequence-point -Wformat -Werror=format-security -Wmissing-declarations -Wmissing-prototypes -Wstrict-prototypes -Wundef -Winit-self -Wpointer-arith -Wshadow -Wsign-promo -Wuninitialized -Winit-self -Wsuggest-override -Wno-delete-non-virtual-dtor  -Wno-unnamed-type-template-args'
===== BUILD LOG =====
Change Dir: /home/iam/sub_proj/openCV_face/opencv/opencv-4.1.2/build/CMakeFiles/CMakeTmp

Run Build Command(s):/usr/bin/gmake cmTC_848ee/fast && /usr/bin/gmake  -f CMakeFiles/cmTC_848ee.dir/build.make CMakeFiles/cmTC_848ee.dir/build
gmake[1]: Entering directory '/home/iam/sub_proj/openCV_face/opencv/opencv-4.1.2/build/CMakeFiles/CMakeTmp'
Building C object CMakeFiles/cmTC_848ee.dir/src.c.o
/usr/bin/cc   -O3 -DNDEBUG -fPIE    -fsigned-char -W -Wall -Werror=return-type -Werror=non-virtual-dtor -Werror=address -Werror=sequence-point -Wformat -Werror=format-security -Wmissing-declarations -Wmissing-prototypes -Wstrict-prototypes -Wundef -Winit-self -Wpointer-arith -Wshadow -Wsign-promo -Wuninitialized -Winit-self -Wsuggest-override -Wno-delete-non-virtual-dtor  -Wno-unnamed-type-template-args -o CMakeFiles/cmTC_848ee.dir/src.c.o -c /home/iam/sub_proj/openCV_face/opencv/opencv-4.1.2/build/CMakeFiles/CMakeTmp/src.c
cc1: warning: ‘-Werror=’ argument ‘-Werror=non-virtual-dtor’ is not valid for C
cc1: warning: command-line option ‘-Wsign-promo’ is valid for C++/ObjC++ but not for C
cc1: warning: command-line option ‘-Wsuggest-override’ is valid for C++/ObjC++ but not for C
cc1: warning: command-line option ‘-Wno-delete-non-virtual-dtor’ is valid for C++/ObjC++ but not for C
/home/iam/sub_proj/openCV_face/opencv/opencv-4.1.2/build/CMakeFiles/CMakeTmp/src.c:1: warning: ignoring ‘#pragma  ’ [-Wunknown-pragmas]
    1 | #pragma
      | 
cc1: note: unrecognized command-line option ‘-Wno-unnamed-type-template-args’ may have been intended to silence earlier diagnostics
Linking C executable cmTC_848ee
/usr/bin/cmake -E cmake_link_script CMakeFiles/cmTC_848ee.dir/link.txt --verbose=1
/usr/bin/cc -O3 -DNDEBUG CMakeFiles/cmTC_848ee.dir/src.c.o -o cmTC_848ee 
gmake[1]: Leaving directory '/home/iam/sub_proj/openCV_face/opencv/opencv-4.1.2/build/CMakeFiles/CMakeTmp'


===== END =====

Determining if the function sgemm_ exists failed with the following output:
Change Dir: /home/iam/sub_proj/openCV_face/opencv/opencv-4.1.2/build/CMakeFiles/CMakeTmp

Run Build Command(s):/usr/bin/gmake cmTC_9c070/fast && /usr/bin/gmake  -f CMakeFiles/cmTC_9c070.dir/build.make CMakeFiles/cmTC_9c070.dir/build
gmake[1]: Entering directory '/home/iam/sub_proj/openCV_face/opencv/opencv-4.1.2/build/CMakeFiles/CMakeTmp'
Building C object CMakeFiles/cmTC_9c070.dir/CheckFunctionExists.c.o
/usr/bin/cc   -fsigned-char -W -Wall -Werror=return-type -Werror=non-virtual-dtor -Werror=address -Werror=sequence-point -Wformat -Werror=format-security -Wmissing-declarations -Wmissing-prototypes -Wstrict-prototypes -Wundef -Winit-self -Wpointer-arith -Wshadow -Wsign-promo -Wuninitialized -Winit-self -Wsuggest-override -Wno-delete-non-virtual-dtor -Wno-comment -Wimplicit-fallthrough=3 -Wno-strict-overflow -fdiagnostics-show-option -pthread -fomit-frame-pointer -ffunction-sections -fdata-sections    -fvisibility=hidden -fvisibility-inlines-hidden -DCHECK_FUNCTION_EXISTS=sgemm_ -O3 -DNDEBUG -fPIE -o CMakeFiles/cmTC_9c070.dir/CheckFunctionExists.c.o -c /usr/share/cmake-3.18/Modules/CheckFunctionExists.c
cc1: warning: ‘-Werror=’ argument ‘-Werror=non-virtual-dtor’ is not valid for C
cc1: warning: command-line option ‘-Wsign-promo’ is valid for C++/ObjC++ but not for C
cc1: warning: command-line option ‘-Wsuggest-override’ is valid for C++/ObjC++ but not for C
cc1: warning: command-line option ‘-Wno-delete-non-virtual-dtor’ is valid for C++/ObjC++ but not for C
cc1: warning: command-line option ‘-fvisibility-inlines-hidden’ is valid for C++/ObjC++ but not for C
Linking C executable cmTC_9c070
/usr/bin/cmake -E cmake_link_script CMakeFiles/cmTC_9c070.dir/link.txt --verbose=1
/usr/bin/cc    -fsigned-char -W -Wall -Werror=return-type -Werror=non-virtual-dtor -Werror=address -Werror=sequence-point -Wformat -Werror=format-security -Wmissing-declarations -Wmissing-prototypes -Wstrict-prototypes -Wundef -Winit-self -Wpointer-arith -Wshadow -Wsign-promo -Wuninitialized -Winit-self -Wsuggest-override -Wno-delete-non-virtual-dtor -Wno-comment -Wimplicit-fallthrough=3 -Wno-strict-overflow -fdiagnostics-show-option -pthread -fomit-frame-pointer -ffunction-sections -fdata-sections    -fvisibility=hidden -fvisibility-inlines-hidden -DCHECK_FUNCTION_EXISTS=sgemm_ -O3 -DNDEBUG   -Wl,--gc-sections  CMakeFiles/cmTC_9c070.dir/CheckFunctionExists.c.o -o cmTC_9c070 
/usr/bin/ld: CMakeFiles/cmTC_9c070.dir/CheckFunctionExists.c.o: in function `main':
CheckFunctionExists.c:(.text.startup.main+0x10): undefined reference to `sgemm_'
collect2: error: ld returned 1 exit status
gmake[1]: *** [CMakeFiles/cmTC_9c070.dir/build.make:106: cmTC_9c070] Error 1
gmake[1]: Leaving directory '/home/iam/sub_proj/openCV_face/opencv/opencv-4.1.2/build/CMakeFiles/CMakeTmp'
gmake: *** [Makefile:140: cmTC_9c070/fast] Error 2



Determining if the function cheev_ exists failed with the following output:
Change Dir: /home/iam/sub_proj/openCV_face/opencv/opencv-4.1.2/build/CMakeFiles/CMakeTmp

Run Build Command(s):/usr/bin/gmake cmTC_177ea/fast && /usr/bin/gmake  -f CMakeFiles/cmTC_177ea.dir/build.make CMakeFiles/cmTC_177ea.dir/build
gmake[1]: Entering directory '/home/iam/sub_proj/openCV_face/opencv/opencv-4.1.2/build/CMakeFiles/CMakeTmp'
Building C object CMakeFiles/cmTC_177ea.dir/CheckFunctionExists.c.o
/usr/bin/cc   -fsigned-char -W -Wall -Werror=return-type -Werror=non-virtual-dtor -Werror=address -Werror=sequence-point -Wformat -Werror=format-security -Wmissing-declarations -Wmissing-prototypes -Wstrict-prototypes -Wundef -Winit-self -Wpointer-arith -Wshadow -Wsign-promo -Wuninitialized -Winit-self -Wsuggest-override -Wno-delete-non-virtual-dtor -Wno-comment -Wimplicit-fallthrough=3 -Wno-strict-overflow -fdiagnostics-show-option -pthread -fomit-frame-pointer -ffunction-sections -fdata-sections    -fvisibility=hidden -fvisibility-inlines-hidden -DCHECK_FUNCTION_EXISTS=cheev_ -O3 -DNDEBUG -fPIE -o CMakeFiles/cmTC_177ea.dir/CheckFunctionExists.c.o -c /usr/share/cmake-3.18/Modules/CheckFunctionExists.c
cc1: warning: ‘-Werror=’ argument ‘-Werror=non-virtual-dtor’ is not valid for C
cc1: warning: command-line option ‘-Wsign-promo’ is valid for C++/ObjC++ but not for C
cc1: warning: command-line option ‘-Wsuggest-override’ is valid for C++/ObjC++ but not for C
cc1: warning: command-line option ‘-Wno-delete-non-virtual-dtor’ is valid for C++/ObjC++ but not for C
cc1: warning: command-line option ‘-fvisibility-inlines-hidden’ is valid for C++/ObjC++ but not for C
Linking C executable cmTC_177ea
/usr/bin/cmake -E cmake_link_script CMakeFiles/cmTC_177ea.dir/link.txt --verbose=1
/usr/bin/cc    -fsigned-char -W -Wall -Werror=return-type -Werror=non-virtual-dtor -Werror=address -Werror=sequence-point -Wformat -Werror=format-security -Wmissing-declarations -Wmissing-prototypes -Wstrict-prototypes -Wundef -Winit-self -Wpointer-arith -Wshadow -Wsign-promo -Wuninitialized -Winit-self -Wsuggest-override -Wno-delete-non-virtual-dtor -Wno-comment -Wimplicit-fallthrough=3 -Wno-strict-overflow -fdiagnostics-show-option -pthread -fomit-frame-pointer -ffunction-sections -fdata-sections    -fvisibility=hidden -fvisibility-inlines-hidden -DCHECK_FUNCTION_EXISTS=cheev_ -O3 -DNDEBUG   -Wl,--gc-sections  CMakeFiles/cmTC_177ea.dir/CheckFunctionExists.c.o -o cmTC_177ea  /usr/lib/aarch64-linux-gnu/libblas.so /usr/lib/aarch64-linux-gnu/libf77blas.so /usr/lib/aarch64-linux-gnu/libatlas.so -lm -ldl 
/usr/bin/ld: CMakeFiles/cmTC_177ea.dir/CheckFunctionExists.c.o: in function `main':
CheckFunctionExists.c:(.text.startup.main+0x10): undefined reference to `cheev_'
collect2: error: ld returned 1 exit status
gmake[1]: *** [CMakeFiles/cmTC_177ea.dir/build.make:109: cmTC_177ea] Error 1
gmake[1]: Leaving directory '/home/iam/sub_proj/openCV_face/opencv/opencv-4.1.2/build/CMakeFiles/CMakeTmp'
gmake: *** [Makefile:140: cmTC_177ea/fast] Error 2



Build output check failed:
    Regex: 'unrecognized .*option'
    Output line: 'cc1plus: note: unrecognized command-line option ‘-Wno-tautological-undefined-compare’ may have been intended to silence earlier diagnostics'
Compilation failed:
    source file: '/home/iam/sub_proj/openCV_face/opencv/opencv-4.1.2/build/CMakeFiles/CMakeTmp/src.cxx'
    check option: ' -Wno-tautological-undefined-compare'
===== BUILD LOG =====
Change Dir: /home/iam/sub_proj/openCV_face/opencv/opencv-4.1.2/build/CMakeFiles/CMakeTmp

Run Build Command(s):/usr/bin/gmake cmTC_5ebb3/fast && /usr/bin/gmake  -f CMakeFiles/cmTC_5ebb3.dir/build.make CMakeFiles/cmTC_5ebb3.dir/build
gmake[1]: Entering directory '/home/iam/sub_proj/openCV_face/opencv/opencv-4.1.2/build/CMakeFiles/CMakeTmp'
Building CXX object CMakeFiles/cmTC_5ebb3.dir/src.cxx.o
/usr/bin/c++   -fsigned-char -W -Wall -Werror=return-type -Werror=non-virtual-dtor -Werror=address -Werror=sequence-point -Wformat -Werror=format-security -Wstrict-prototypes -Winit-self -Wpointer-arith -Wuninitialized -Winit-self -Wsuggest-override -Wno-delete-non-virtual-dtor -Wno-comment -Wimplicit-fallthrough=3 -Wno-strict-overflow -fdiagnostics-show-option -pthread -fomit-frame-pointer -ffunction-sections -fdata-sections    -fvisibility=hidden -fvisibility-inlines-hidden -Wno-deprecated -Wno-missing-prototypes -Wno-missing-declarations -Wno-shadow -Wno-unused-parameter -Wno-unused-local-typedefs -Wno-sign-compare -Wno-sign-promo -Wno-undef  -O3 -DNDEBUG -fPIE    -Wno-tautological-undefined-compare -std=c++11 -o CMakeFiles/cmTC_5ebb3.dir/src.cxx.o -c /home/iam/sub_proj/openCV_face/opencv/opencv-4.1.2/build/CMakeFiles/CMakeTmp/src.cxx
cc1plus: warning: command-line option ‘-Wstrict-prototypes’ is valid for C/ObjC but not for C++
cc1plus: warning: command-line option ‘-Wno-missing-prototypes’ is valid for C/ObjC but not for C++
/home/iam/sub_proj/openCV_face/opencv/opencv-4.1.2/build/CMakeFiles/CMakeTmp/src.cxx:1: warning: ignoring ‘#pragma  ’ [-Wunknown-pragmas]
    1 | #pragma
      | 
cc1plus: note: unrecognized command-line option ‘-Wno-tautological-undefined-compare’ may have been intended to silence earlier diagnostics
Linking CXX executable cmTC_5ebb3
/usr/bin/cmake -E cmake_link_script CMakeFiles/cmTC_5ebb3.dir/link.txt --verbose=1
/usr/bin/c++    -fsigned-char -W -Wall -Werror=return-type -Werror=non-virtual-dtor -Werror=address -Werror=sequence-point -Wformat -Werror=format-security -Wstrict-prototypes -Winit-self -Wpointer-arith -Wuninitialized -Winit-self -Wsuggest-override -Wno-delete-non-virtual-dtor -Wno-comment -Wimplicit-fallthrough=3 -Wno-strict-overflow -fdiagnostics-show-option -pthread -fomit-frame-pointer -ffunction-sections -fdata-sections    -fvisibility=hidden -fvisibility-inlines-hidden -Wno-deprecated -Wno-missing-prototypes -Wno-missing-declarations -Wno-shadow -Wno-unused-parameter -Wno-unused-local-typedefs -Wno-sign-compare -Wno-sign-promo -Wno-undef  -O3 -DNDEBUG   -Wl,--gc-sections  CMakeFiles/cmTC_5ebb3.dir/src.cxx.o -o cmTC_5ebb3 
gmake[1]: Leaving directory '/home/iam/sub_proj/openCV_face/opencv/opencv-4.1.2/build/CMakeFiles/CMakeTmp'


===== END =====

Build output check failed:
    Regex: 'unrecognized .*option'
    Output line: 'cc1plus: note: unrecognized command-line option ‘-Wno-shorten-64-to-32’ may have been intended to silence earlier diagnostics'
Compilation failed:
    source file: '/home/iam/sub_proj/openCV_face/opencv/opencv-4.1.2/build/CMakeFiles/CMakeTmp/src.cxx'
    check option: ' -Wno-shorten-64-to-32'
===== BUILD LOG =====
Change Dir: /home/iam/sub_proj/openCV_face/opencv/opencv-4.1.2/build/CMakeFiles/CMakeTmp

Run Build Command(s):/usr/bin/gmake cmTC_b94fc/fast && /usr/bin/gmake  -f CMakeFiles/cmTC_b94fc.dir/build.make CMakeFiles/cmTC_b94fc.dir/build
gmake[1]: Entering directory '/home/iam/sub_proj/openCV_face/opencv/opencv-4.1.2/build/CMakeFiles/CMakeTmp'
Building CXX object CMakeFiles/cmTC_b94fc.dir/src.cxx.o
/usr/bin/c++   -fsigned-char -W -Wall -Werror=return-type -Werror=non-virtual-dtor -Werror=address -Werror=sequence-point -Wformat -Werror=format-security -Wstrict-prototypes -Winit-self -Wpointer-arith -Wuninitialized -Winit-self -Wsuggest-override -Wno-delete-non-virtual-dtor -Wno-comment -Wimplicit-fallthrough=3 -Wno-strict-overflow -fdiagnostics-show-option -pthread -fomit-frame-pointer -ffunction-sections -fdata-sections    -fvisibility=hidden -fvisibility-inlines-hidden -Wno-deprecated -Wno-missing-prototypes -Wno-missing-declarations -Wno-shadow -Wno-unused-parameter -Wno-unused-local-typedefs -Wno-sign-compare -Wno-sign-promo -Wno-undef -Wno-ignored-qualifiers -Wno-extra -Wno-unused-function -Wno-unused-const-variable  -O3 -DNDEBUG -fPIE    -Wno-shorten-64-to-32 -std=c++11 -o CMakeFiles/cmTC_b94fc.dir/src.cxx.o -c /home/iam/sub_proj/openCV_face/opencv/opencv-4.1.2/build/CMakeFiles/CMakeTmp/src.cxx
cc1plus: warning: command-line option ‘-Wstrict-prototypes’ is valid for C/ObjC but not for C++
cc1plus: warning: command-line option ‘-Wno-missing-prototypes’ is valid for C/ObjC but not for C++
/home/iam/sub_proj/openCV_face/opencv/opencv-4.1.2/build/CMakeFiles/CMakeTmp/src.cxx:1: warning: ignoring ‘#pragma  ’ [-Wunknown-pragmas]
    1 | #pragma
      | 
cc1plus: note: unrecognized command-line option ‘-Wno-shorten-64-to-32’ may have been intended to silence earlier diagnostics
Linking CXX executable cmTC_b94fc
/usr/bin/cmake -E cmake_link_script CMakeFiles/cmTC_b94fc.dir/link.txt --verbose=1
/usr/bin/c++    -fsigned-char -W -Wall -Werror=return-type -Werror=non-virtual-dtor -Werror=address -Werror=sequence-point -Wformat -Werror=format-security -Wstrict-prototypes -Winit-self -Wpointer-arith -Wuninitialized -Winit-self -Wsuggest-override -Wno-delete-non-virtual-dtor -Wno-comment -Wimplicit-fallthrough=3 -Wno-strict-overflow -fdiagnostics-show-option -pthread -fomit-frame-pointer -ffunction-sections -fdata-sections    -fvisibility=hidden -fvisibility-inlines-hidden -Wno-deprecated -Wno-missing-prototypes -Wno-missing-declarations -Wno-shadow -Wno-unused-parameter -Wno-unused-local-typedefs -Wno-sign-compare -Wno-sign-promo -Wno-undef -Wno-ignored-qualifiers -Wno-extra -Wno-unused-function -Wno-unused-const-variable  -O3 -DNDEBUG   -Wl,--gc-sections  CMakeFiles/cmTC_b94fc.dir/src.cxx.o -o cmTC_b94fc 
gmake[1]: Leaving directory '/home/iam/sub_proj/openCV_face/opencv/opencv-4.1.2/build/CMakeFiles/CMakeTmp'


===== END =====

Build output check failed:
    Regex: 'unrecognized .*option'
    Output line: 'cc1plus: note: unrecognized command-line option ‘-Wno-enum-compare-switch’ may have been intended to silence earlier diagnostics'
Compilation failed:
    source file: '/home/iam/sub_proj/openCV_face/opencv/opencv-4.1.2/build/CMakeFiles/CMakeTmp/src.cxx'
    check option: ' -Wno-enum-compare-switch'
===== BUILD LOG =====
Change Dir: /home/iam/sub_proj/openCV_face/opencv/opencv-4.1.2/build/CMakeFiles/CMakeTmp

Run Build Command(s):/usr/bin/gmake cmTC_26b93/fast && /usr/bin/gmake  -f CMakeFiles/cmTC_26b93.dir/build.make CMakeFiles/cmTC_26b93.dir/build
gmake[1]: Entering directory '/home/iam/sub_proj/openCV_face/opencv/opencv-4.1.2/build/CMakeFiles/CMakeTmp'
Building CXX object CMakeFiles/cmTC_26b93.dir/src.cxx.o
/usr/bin/c++   -fsigned-char -W -Wall -Werror=return-type -Werror=non-virtual-dtor -Werror=address -Werror=sequence-point -Wformat -Werror=format-security -Wstrict-prototypes -Winit-self -Wpointer-arith -Wuninitialized -Winit-self -Wsuggest-override -Wno-delete-non-virtual-dtor -Wno-comment -Wimplicit-fallthrough=3 -Wno-strict-overflow -fdiagnostics-show-option -pthread -fomit-frame-pointer -ffunction-sections -fdata-sections    -fvisibility=hidden -fvisibility-inlines-hidden -Wno-deprecated -Wno-missing-prototypes -Wno-missing-declarations -Wno-shadow -Wno-unused-parameter -Wno-unused-local-typedefs -Wno-sign-compare -Wno-sign-promo -Wno-undef -Wno-ignored-qualifiers -Wno-extra -Wno-unused-function -Wno-unused-const-variable -Wno-invalid-offsetof  -O3 -DNDEBUG -fPIE    -Wno-enum-compare-switch -std=c++11 -o CMakeFiles/cmTC_26b93.dir/src.cxx.o -c /home/iam/sub_proj/openCV_face/opencv/opencv-4.1.2/build/CMakeFiles/CMakeTmp/src.cxx
cc1plus: warning: command-line option ‘-Wstrict-prototypes’ is valid for C/ObjC but not for C++
cc1plus: warning: command-line option ‘-Wno-missing-prototypes’ is valid for C/ObjC but not for C++
/home/iam/sub_proj/openCV_face/opencv/opencv-4.1.2/build/CMakeFiles/CMakeTmp/src.cxx:1: warning: ignoring ‘#pragma  ’ [-Wunknown-pragmas]
    1 | #pragma
      | 
cc1plus: note: unrecognized command-line option ‘-Wno-enum-compare-switch’ may have been intended to silence earlier diagnostics
Linking CXX executable cmTC_26b93
/usr/bin/cmake -E cmake_link_script CMakeFiles/cmTC_26b93.dir/link.txt --verbose=1
/usr/bin/c++    -fsigned-char -W -Wall -Werror=return-type -Werror=non-virtual-dtor -Werror=address -Werror=sequence-point -Wformat -Werror=format-security -Wstrict-prototypes -Winit-self -Wpointer-arith -Wuninitialized -Winit-self -Wsuggest-override -Wno-delete-non-virtual-dtor -Wno-comment -Wimplicit-fallthrough=3 -Wno-strict-overflow -fdiagnostics-show-option -pthread -fomit-frame-pointer -ffunction-sections -fdata-sections    -fvisibility=hidden -fvisibility-inlines-hidden -Wno-deprecated -Wno-missing-prototypes -Wno-missing-declarations -Wno-shadow -Wno-unused-parameter -Wno-unused-local-typedefs -Wno-sign-compare -Wno-sign-promo -Wno-undef -Wno-ignored-qualifiers -Wno-extra -Wno-unused-function -Wno-unused-const-variable -Wno-invalid-offsetof  -O3 -DNDEBUG   -Wl,--gc-sections  CMakeFiles/cmTC_26b93.dir/src.cxx.o -o cmTC_26b93 
gmake[1]: Leaving directory '/home/iam/sub_proj/openCV_face/opencv/opencv-4.1.2/build/CMakeFiles/CMakeTmp'


===== END =====

Build output check failed:
    Regex: 'unrecognized .*option'
    Output line: 'cc1plus: note: unrecognized command-line option ‘-Wno-inconsistent-missing-override’ may have been intended to silence earlier diagnostics'
Compilation failed:
    source file: '/home/iam/sub_proj/openCV_face/opencv/opencv-4.1.2/build/CMakeFiles/CMakeTmp/src.cxx'
    check option: ' -Wno-inconsistent-missing-override'
===== BUILD LOG =====
Change Dir: /home/iam/sub_proj/openCV_face/opencv/opencv-4.1.2/build/CMakeFiles/CMakeTmp

Run Build Command(s):/usr/bin/gmake cmTC_2a962/fast && /usr/bin/gmake  -f CMakeFiles/cmTC_2a962.dir/build.make CMakeFiles/cmTC_2a962.dir/build
gmake[1]: Entering directory '/home/iam/sub_proj/openCV_face/opencv/opencv-4.1.2/build/CMakeFiles/CMakeTmp'
Building CXX object CMakeFiles/cmTC_2a962.dir/src.cxx.o
/usr/bin/c++   -fsigned-char -W -Wall -Werror=return-type -Werror=non-virtual-dtor -Werror=address -Werror=sequence-point -Wformat -Werror=format-security -Wstrict-prototypes -Winit-self -Wpointer-arith -Wuninitialized -Winit-self -Wno-delete-non-virtual-dtor -Wno-comment -Wimplicit-fallthrough=3 -Wno-strict-overflow -fdiagnostics-show-option -pthread -fomit-frame-pointer -ffunction-sections -fdata-sections    -fvisibility=hidden -fvisibility-inlines-hidden -Wno-deprecated -Wno-missing-prototypes -Wno-missing-declarations -Wno-shadow -Wno-unused-parameter -Wno-unused-local-typedefs -Wno-sign-compare -Wno-sign-promo -Wno-undef -Wno-ignored-qualifiers -Wno-extra -Wno-unused-function -Wno-unused-const-variable -Wno-invalid-offsetof -Wno-suggest-override  -O3 -DNDEBUG -fPIE    -Wno-inconsistent-missing-override -std=c++11 -o CMakeFiles/cmTC_2a962.dir/src.cxx.o -c /home/iam/sub_proj/openCV_face/opencv/opencv-4.1.2/build/CMakeFiles/CMakeTmp/src.cxx
cc1plus: warning: command-line option ‘-Wstrict-prototypes’ is valid for C/ObjC but not for C++
cc1plus: warning: command-line option ‘-Wno-missing-prototypes’ is valid for C/ObjC but not for C++
/home/iam/sub_proj/openCV_face/opencv/opencv-4.1.2/build/CMakeFiles/CMakeTmp/src.cxx:1: warning: ignoring ‘#pragma  ’ [-Wunknown-pragmas]
    1 | #pragma
      | 
cc1plus: note: unrecognized command-line option ‘-Wno-inconsistent-missing-override’ may have been intended to silence earlier diagnostics
Linking CXX executable cmTC_2a962
/usr/bin/cmake -E cmake_link_script CMakeFiles/cmTC_2a962.dir/link.txt --verbose=1
/usr/bin/c++    -fsigned-char -W -Wall -Werror=return-type -Werror=non-virtual-dtor -Werror=address -Werror=sequence-point -Wformat -Werror=format-security -Wstrict-prototypes -Winit-self -Wpointer-arith -Wuninitialized -Winit-self -Wno-delete-non-virtual-dtor -Wno-comment -Wimplicit-fallthrough=3 -Wno-strict-overflow -fdiagnostics-show-option -pthread -fomit-frame-pointer -ffunction-sections -fdata-sections    -fvisibility=hidden -fvisibility-inlines-hidden -Wno-deprecated -Wno-missing-prototypes -Wno-missing-declarations -Wno-shadow -Wno-unused-parameter -Wno-unused-local-typedefs -Wno-sign-compare -Wno-sign-promo -Wno-undef -Wno-ignored-qualifiers -Wno-extra -Wno-unused-function -Wno-unused-const-variable -Wno-invalid-offsetof -Wno-suggest-override  -O3 -DNDEBUG   -Wl,--gc-sections  CMakeFiles/cmTC_2a962.dir/src.cxx.o -o cmTC_2a962 
gmake[1]: Leaving directory '/home/iam/sub_proj/openCV_face/opencv/opencv-4.1.2/build/CMakeFiles/CMakeTmp'


===== END =====

Determining if the include file sys/videoio.h exists failed with the following output:
Change Dir: /home/iam/sub_proj/openCV_face/opencv/opencv-4.1.2/build/CMakeFiles/CMakeTmp

Run Build Command(s):/usr/bin/gmake cmTC_3bd92/fast && /usr/bin/gmake  -f CMakeFiles/cmTC_3bd92.dir/build.make CMakeFiles/cmTC_3bd92.dir/build
gmake[1]: Entering directory '/home/iam/sub_proj/openCV_face/opencv/opencv-4.1.2/build/CMakeFiles/CMakeTmp'
Building C object CMakeFiles/cmTC_3bd92.dir/CheckIncludeFile.c.o
/usr/bin/cc   -fsigned-char -W -Wall -Werror=return-type -Werror=non-virtual-dtor -Werror=address -Werror=sequence-point -Wformat -Werror=format-security -Wmissing-declarations -Wmissing-prototypes -Wstrict-prototypes -Wundef -Winit-self -Wpointer-arith -Wshadow -Wsign-promo -Wuninitialized -Winit-self -Wsuggest-override -Wno-delete-non-virtual-dtor -Wno-comment -Wimplicit-fallthrough=3 -Wno-strict-overflow -fdiagnostics-show-option -pthread -fomit-frame-pointer -ffunction-sections -fdata-sections    -fvisibility=hidden -fvisibility-inlines-hidden  -O3 -DNDEBUG -fPIE -o CMakeFiles/cmTC_3bd92.dir/CheckIncludeFile.c.o -c /home/iam/sub_proj/openCV_face/opencv/opencv-4.1.2/build/CMakeFiles/CMakeTmp/CheckIncludeFile.c
cc1: warning: ‘-Werror=’ argument ‘-Werror=non-virtual-dtor’ is not valid for C
cc1: warning: command-line option ‘-Wsign-promo’ is valid for C++/ObjC++ but not for C
cc1: warning: command-line option ‘-Wsuggest-override’ is valid for C++/ObjC++ but not for C
cc1: warning: command-line option ‘-Wno-delete-non-virtual-dtor’ is valid for C++/ObjC++ but not for C
cc1: warning: command-line option ‘-fvisibility-inlines-hidden’ is valid for C++/ObjC++ but not for C
/home/iam/sub_proj/openCV_face/opencv/opencv-4.1.2/build/CMakeFiles/CMakeTmp/CheckIncludeFile.c:1:10: fatal error: sys/videoio.h: No such file or directory
    1 | #include <sys/videoio.h>
      |          ^~~~~~~~~~~~~~~
compilation terminated.
gmake[1]: *** [CMakeFiles/cmTC_3bd92.dir/build.make:85: CMakeFiles/cmTC_3bd92.dir/CheckIncludeFile.c.o] Error 1
gmake[1]: Leaving directory '/home/iam/sub_proj/openCV_face/opencv/opencv-4.1.2/build/CMakeFiles/CMakeTmp'
gmake: *** [Makefile:140: cmTC_3bd92/fast] Error 2



Build output check failed:
    Regex: 'unrecognized .*option'
    Output line: 'cc1plus: note: unrecognized command-line option ‘-Wno-unused-private-field’ may have been intended to silence earlier diagnostics'
Compilation failed:
    source file: '/home/iam/sub_proj/openCV_face/opencv/opencv-4.1.2/build/CMakeFiles/CMakeTmp/src.cxx'
    check option: ' -Wno-unused-private-field'
===== BUILD LOG =====
Change Dir: /home/iam/sub_proj/openCV_face/opencv/opencv-4.1.2/build/CMakeFiles/CMakeTmp

Run Build Command(s):/usr/bin/gmake cmTC_a53f8/fast && /usr/bin/gmake  -f CMakeFiles/cmTC_a53f8.dir/build.make CMakeFiles/cmTC_a53f8.dir/build
gmake[1]: Entering directory '/home/iam/sub_proj/openCV_face/opencv/opencv-4.1.2/build/CMakeFiles/CMakeTmp'
Building CXX object CMakeFiles/cmTC_a53f8.dir/src.cxx.o
/usr/bin/c++   -fsigned-char -W -Wall -Werror=return-type -Werror=non-virtual-dtor -Werror=address -Werror=sequence-point -Wformat -Werror=format-security -Wmissing-declarations -Wmissing-prototypes -Wstrict-prototypes -Wundef -Winit-self -Wpointer-arith -Wshadow -Wsign-promo -Wuninitialized -Winit-self -Wsuggest-override -Wno-delete-non-virtual-dtor -Wno-comment -Wimplicit-fallthrough=3 -Wno-strict-overflow -fdiagnostics-show-option -pthread -fomit-frame-pointer -ffunction-sections -fdata-sections    -fvisibility=hidden -fvisibility-inlines-hidden -Wno-unused-function -Wno-deprecated-declarations -Wno-overloaded-virtual  -O3 -DNDEBUG -fPIE    -Wno-unused-private-field -std=c++11 -o CMakeFiles/cmTC_a53f8.dir/src.cxx.o -c /home/iam/sub_proj/openCV_face/opencv/opencv-4.1.2/build/CMakeFiles/CMakeTmp/src.cxx
cc1plus: warning: command-line option ‘-Wmissing-prototypes’ is valid for C/ObjC but not for C++
cc1plus: warning: command-line option ‘-Wstrict-prototypes’ is valid for C/ObjC but not for C++
/home/iam/sub_proj/openCV_face/opencv/opencv-4.1.2/build/CMakeFiles/CMakeTmp/src.cxx:1: warning: ignoring ‘#pragma  ’ [-Wunknown-pragmas]
    1 | #pragma
      | 
cc1plus: note: unrecognized command-line option ‘-Wno-unused-private-field’ may have been intended to silence earlier diagnostics
Linking CXX executable cmTC_a53f8
/usr/bin/cmake -E cmake_link_script CMakeFiles/cmTC_a53f8.dir/link.txt --verbose=1
/usr/bin/c++    -fsigned-char -W -Wall -Werror=return-type -Werror=non-virtual-dtor -Werror=address -Werror=sequence-point -Wformat -Werror=format-security -Wmissing-declarations -Wmissing-prototypes -Wstrict-prototypes -Wundef -Winit-self -Wpointer-arith -Wshadow -Wsign-promo -Wuninitialized -Winit-self -Wsuggest-override -Wno-delete-non-virtual-dtor -Wno-comment -Wimplicit-fallthrough=3 -Wno-strict-overflow -fdiagnostics-show-option -pthread -fomit-frame-pointer -ffunction-sections -fdata-sections    -fvisibility=hidden -fvisibility-inlines-hidden -Wno-unused-function -Wno-deprecated-declarations -Wno-overloaded-virtual  -O3 -DNDEBUG   -Wl,--gc-sections  CMakeFiles/cmTC_a53f8.dir/src.cxx.o -o cmTC_a53f8 
gmake[1]: Leaving directory '/home/iam/sub_proj/openCV_face/opencv/opencv-4.1.2/build/CMakeFiles/CMakeTmp'


===== END =====

